[debug] [2021-09-13T22:05:38.944Z] ----------------------------------------------------------------------
[debug] [2021-09-13T22:05:38.946Z] Command:       /usr/local/bin/node /usr/local/bin/firebase deploy --only functions:grabData
[debug] [2021-09-13T22:05:38.946Z] CLI Version:   9.18.0
[debug] [2021-09-13T22:05:38.946Z] Platform:      darwin
[debug] [2021-09-13T22:05:38.946Z] Node Version:  v14.17.6
[debug] [2021-09-13T22:05:38.947Z] Time:          Mon Sep 13 2021 15:05:38 GMT-0700 (Pacific Daylight Time)
[debug] [2021-09-13T22:05:38.947Z] ----------------------------------------------------------------------
[debug] 
[debug] [2021-09-13T22:05:38.995Z] > command requires scopes: ["email","openid","https://www.googleapis.com/auth/cloudplatformprojects.readonly","https://www.googleapis.com/auth/firebase","https://www.googleapis.com/auth/cloud-platform"]
[debug] [2021-09-13T22:05:38.995Z] > authorizing via signed-in user (ryancollicutt22@gmail.com)
[debug] [2021-09-13T22:05:38.995Z] [iam] checking project fullstack-dev-f9c5a for permissions ["cloudfunctions.functions.create","cloudfunctions.functions.delete","cloudfunctions.functions.get","cloudfunctions.functions.list","cloudfunctions.functions.update","cloudfunctions.operations.get","firebase.projects.get"]
[debug] [2021-09-13T22:05:38.997Z] >>> HTTP REQUEST POST https://cloudresourcemanager.googleapis.com/v1/projects/fullstack-dev-f9c5a:testIamPermissions  
 {"permissions":["cloudfunctions.functions.create","cloudfunctions.functions.delete","cloudfunctions.functions.get","cloudfunctions.functions.list","cloudfunctions.functions.update","cloudfunctions.operations.get","firebase.projects.get"]}
[debug] [2021-09-13T22:05:39.118Z] <<< HTTP RESPONSE 200 {"content-type":"application/json; charset=UTF-8","vary":"X-Origin, Referer, Origin,Accept-Encoding","date":"Mon, 13 Sep 2021 22:05:39 GMT","server":"ESF","cache-control":"private","x-xss-protection":"0","x-frame-options":"SAMEORIGIN","x-content-type-options":"nosniff","server-timing":"gfet4t7; dur=33","alt-svc":"h3=\":443\"; ma=2592000,h3-29=\":443\"; ma=2592000,h3-T051=\":443\"; ma=2592000,h3-Q050=\":443\"; ma=2592000,h3-Q046=\":443\"; ma=2592000,h3-Q043=\":443\"; ma=2592000,quic=\":443\"; ma=2592000; v=\"46,43\"","accept-ranges":"none","transfer-encoding":"chunked"}
[debug] [2021-09-13T22:05:39.121Z] >>> HTTP REQUEST POST https://iam.googleapis.com/v1/projects/fullstack-dev-f9c5a/serviceAccounts/fullstack-dev-f9c5a@appspot.gserviceaccount.com:testIamPermissions  
 {"permissions":["iam.serviceAccounts.actAs"]}
[debug] [2021-09-13T22:05:39.300Z] <<< HTTP RESPONSE 200 {"content-type":"application/json; charset=UTF-8","vary":"X-Origin, Referer, Origin,Accept-Encoding","date":"Mon, 13 Sep 2021 22:05:39 GMT","server":"ESF","cache-control":"private","x-xss-protection":"0","x-frame-options":"SAMEORIGIN","x-content-type-options":"nosniff","alt-svc":"h3=\":443\"; ma=2592000,h3-29=\":443\"; ma=2592000,h3-T051=\":443\"; ma=2592000,h3-Q050=\":443\"; ma=2592000,h3-Q046=\":443\"; ma=2592000,h3-Q043=\":443\"; ma=2592000,quic=\":443\"; ma=2592000; v=\"46,43\"","accept-ranges":"none","transfer-encoding":"chunked"}
[info] 
[info] === Deploying to 'fullstack-dev-f9c5a'...
[info] 
[info] i  deploying functions 
[info] Running command: npm --prefix "$RESOURCE_DIR" run build
[info] ✔  functions: Finished running predeploy script. 
[debug] [2021-09-13T22:05:47.888Z] Validating nodejs source
[debug] [2021-09-13T22:05:49.258Z] > [functions] package.json contents: {
  "name": "functions",
  "scripts": {
    "build": "tsc",
    "serve": "npm run build && firebase emulators:start --only functions",
    "shell": "npm run build && firebase functions:shell",
    "start": "npm run shell",
    "deploy": "firebase deploy --only functions",
    "logs": "firebase functions:log"
  },
  "engines": {
    "node": "14"
  },
  "main": "lib/index.js",
  "dependencies": {
    "firebase-admin": "^9.8.0",
    "firebase-functions": "^3.14.1"
  },
  "devDependencies": {
    "typescript": "^3.8.0",
    "firebase-functions-test": "^0.2.0"
  },
  "private": true
}
[debug] [2021-09-13T22:05:49.258Z] Building nodejs source
[info] i  functions: ensuring required API cloudfunctions.googleapis.com is enabled... 
[info] i  functions: ensuring required API cloudbuild.googleapis.com is enabled... 
[debug] [2021-09-13T22:05:49.260Z] >>> HTTP REQUEST GET https://serviceusage.googleapis.com/v1/projects/fullstack-dev-f9c5a/services/cloudfunctions.googleapis.com  
 
[debug] [2021-09-13T22:05:49.260Z] >>> HTTP REQUEST GET https://serviceusage.googleapis.com/v1/projects/fullstack-dev-f9c5a/services/runtimeconfig.googleapis.com  
 
[debug] [2021-09-13T22:05:49.260Z] >>> HTTP REQUEST GET https://serviceusage.googleapis.com/v1/projects/fullstack-dev-f9c5a/services/cloudbuild.googleapis.com  
 
[debug] [2021-09-13T22:05:49.813Z] <<< HTTP RESPONSE 200 {"content-type":"application/json; charset=UTF-8","vary":"X-Origin, Referer, Origin,Accept-Encoding","date":"Mon, 13 Sep 2021 22:05:49 GMT","server":"ESF","cache-control":"private","x-xss-protection":"0","x-frame-options":"SAMEORIGIN","x-content-type-options":"nosniff","alt-svc":"h3=\":443\"; ma=2592000,h3-29=\":443\"; ma=2592000,h3-T051=\":443\"; ma=2592000,h3-Q050=\":443\"; ma=2592000,h3-Q046=\":443\"; ma=2592000,h3-Q043=\":443\"; ma=2592000,quic=\":443\"; ma=2592000; v=\"46,43\"","accept-ranges":"none","transfer-encoding":"chunked"}
[debug] [2021-09-13T22:05:49.908Z] <<< HTTP RESPONSE 200 {"content-type":"application/json; charset=UTF-8","vary":"X-Origin, Referer, Origin,Accept-Encoding","date":"Mon, 13 Sep 2021 22:05:49 GMT","server":"ESF","cache-control":"private","x-xss-protection":"0","x-frame-options":"SAMEORIGIN","x-content-type-options":"nosniff","alt-svc":"h3=\":443\"; ma=2592000,h3-29=\":443\"; ma=2592000,h3-T051=\":443\"; ma=2592000,h3-Q050=\":443\"; ma=2592000,h3-Q046=\":443\"; ma=2592000,h3-Q043=\":443\"; ma=2592000,quic=\":443\"; ma=2592000; v=\"46,43\"","accept-ranges":"none","transfer-encoding":"chunked"}
[warn] ⚠  functions: missing required API cloudbuild.googleapis.com. Enabling now... 
[debug] [2021-09-13T22:05:49.912Z] >>> HTTP REQUEST POST https://serviceusage.googleapis.com/v1/projects/fullstack-dev-f9c5a/services/cloudbuild.googleapis.com:enable  
 
[debug] [2021-09-13T22:05:49.941Z] <<< HTTP RESPONSE 200 {"content-type":"application/json; charset=UTF-8","vary":"X-Origin, Referer, Origin,Accept-Encoding","date":"Mon, 13 Sep 2021 22:05:49 GMT","server":"ESF","cache-control":"private","x-xss-protection":"0","x-frame-options":"SAMEORIGIN","x-content-type-options":"nosniff","alt-svc":"h3=\":443\"; ma=2592000,h3-29=\":443\"; ma=2592000,h3-T051=\":443\"; ma=2592000,h3-Q050=\":443\"; ma=2592000,h3-Q046=\":443\"; ma=2592000,h3-Q043=\":443\"; ma=2592000,quic=\":443\"; ma=2592000; v=\"46,43\"","accept-ranges":"none","transfer-encoding":"chunked"}
[info] ✔  functions: required API cloudfunctions.googleapis.com is enabled 
[debug] [2021-09-13T22:05:50.945Z] <<< HTTP RESPONSE 200 {"content-type":"application/json; charset=UTF-8","vary":"X-Origin, Referer, Origin,Accept-Encoding","date":"Mon, 13 Sep 2021 22:05:50 GMT","server":"ESF","cache-control":"private","x-xss-protection":"0","x-frame-options":"SAMEORIGIN","x-content-type-options":"nosniff","alt-svc":"h3=\":443\"; ma=2592000,h3-29=\":443\"; ma=2592000,h3-T051=\":443\"; ma=2592000,h3-Q050=\":443\"; ma=2592000,h3-Q046=\":443\"; ma=2592000,h3-Q043=\":443\"; ma=2592000,quic=\":443\"; ma=2592000; v=\"46,43\"","accept-ranges":"none","transfer-encoding":"chunked"}
[debug] [2021-09-13T22:06:00.953Z] >>> HTTP REQUEST GET https://serviceusage.googleapis.com/v1/projects/fullstack-dev-f9c5a/services/cloudbuild.googleapis.com  
 
[debug] [2021-09-13T22:06:01.708Z] <<< HTTP RESPONSE 200 {"content-type":"application/json; charset=UTF-8","vary":"X-Origin, Referer, Origin,Accept-Encoding","date":"Mon, 13 Sep 2021 22:06:01 GMT","server":"ESF","cache-control":"private","x-xss-protection":"0","x-frame-options":"SAMEORIGIN","x-content-type-options":"nosniff","alt-svc":"h3=\":443\"; ma=2592000,h3-29=\":443\"; ma=2592000,h3-T051=\":443\"; ma=2592000,h3-Q050=\":443\"; ma=2592000,h3-Q046=\":443\"; ma=2592000,h3-Q043=\":443\"; ma=2592000,quic=\":443\"; ma=2592000; v=\"46,43\"","accept-ranges":"none","transfer-encoding":"chunked"}
[info] ✔  functions: required API cloudbuild.googleapis.com is enabled 
[debug] [2021-09-13T22:06:01.716Z] >>> HTTP REQUEST GET https://firebase.googleapis.com/v1beta1/projects/fullstack-dev-f9c5a/adminSdkConfig  
 
[debug] [2021-09-13T22:06:02.175Z] <<< HTTP RESPONSE 200 {"content-type":"application/json; charset=UTF-8","vary":"X-Origin, Referer, Origin,Accept-Encoding","date":"Mon, 13 Sep 2021 22:06:02 GMT","server":"ESF","cache-control":"private","x-xss-protection":"0","x-frame-options":"SAMEORIGIN","x-content-type-options":"nosniff","alt-svc":"h3=\":443\"; ma=2592000,h3-29=\":443\"; ma=2592000,h3-T051=\":443\"; ma=2592000,h3-Q050=\":443\"; ma=2592000,h3-Q046=\":443\"; ma=2592000,h3-Q043=\":443\"; ma=2592000,quic=\":443\"; ma=2592000; v=\"46,43\"","accept-ranges":"none","transfer-encoding":"chunked"}
[debug] [2021-09-13T22:06:02.177Z] >>> HTTP REQUEST GET https://runtimeconfig.googleapis.com/v1beta1/projects/fullstack-dev-f9c5a/configs  
 
[debug] [2021-09-13T22:06:02.392Z] <<< HTTP RESPONSE 200 {"content-type":"application/json; charset=UTF-8","vary":"X-Origin, Referer, Origin,Accept-Encoding","date":"Mon, 13 Sep 2021 22:06:02 GMT","server":"ESF","cache-control":"private","x-xss-protection":"0","x-frame-options":"SAMEORIGIN","x-content-type-options":"nosniff","alt-svc":"h3=\":443\"; ma=2592000,h3-29=\":443\"; ma=2592000,h3-T051=\":443\"; ma=2592000,h3-Q050=\":443\"; ma=2592000,h3-Q046=\":443\"; ma=2592000,h3-Q043=\":443\"; ma=2592000,quic=\":443\"; ma=2592000; v=\"46,43\"","accept-ranges":"none","transfer-encoding":"chunked"}
[debug] [2021-09-13T22:06:02.397Z] Analyzing nodejs backend spec
[info] i  functions: preparing functions directory for uploading... 
[info] i  functions: packaged functions (25.5 KB) for uploading 
[debug] [2021-09-13T22:06:02.571Z] >>> HTTP REQUEST GET https://cloudfunctions.googleapis.com/v1/projects/fullstack-dev-f9c5a/locations/-/functions  
 
[debug] [2021-09-13T22:06:03.259Z] <<< HTTP RESPONSE 200 {"content-type":"application/json; charset=UTF-8","vary":"X-Origin, Referer, Origin,Accept-Encoding","date":"Mon, 13 Sep 2021 22:06:03 GMT","server":"ESF","cache-control":"private","x-xss-protection":"0","x-frame-options":"SAMEORIGIN","x-content-type-options":"nosniff","alt-svc":"h3=\":443\"; ma=2592000,h3-29=\":443\"; ma=2592000,h3-T051=\":443\"; ma=2592000,h3-Q050=\":443\"; ma=2592000,h3-Q046=\":443\"; ma=2592000,h3-Q043=\":443\"; ma=2592000,quic=\":443\"; ma=2592000; v=\"46,43\"","accept-ranges":"none","transfer-encoding":"chunked"}
[debug] [2021-09-13T22:06:03.264Z] [functions] found 1 new HTTP functions, testing setIamPolicy permission...
[debug] [2021-09-13T22:06:03.265Z] >>> HTTP REQUEST POST https://cloudresourcemanager.googleapis.com/v1/projects/fullstack-dev-f9c5a:testIamPermissions  
 {"permissions":["cloudfunctions.functions.setIamPolicy"]}
[debug] [2021-09-13T22:06:03.350Z] <<< HTTP RESPONSE 200 {"content-type":"application/json; charset=UTF-8","vary":"X-Origin, Referer, Origin,Accept-Encoding","date":"Mon, 13 Sep 2021 22:06:03 GMT","server":"ESF","cache-control":"private","x-xss-protection":"0","x-frame-options":"SAMEORIGIN","x-content-type-options":"nosniff","server-timing":"gfet4t7; dur=33","alt-svc":"h3=\":443\"; ma=2592000,h3-29=\":443\"; ma=2592000,h3-T051=\":443\"; ma=2592000,h3-Q050=\":443\"; ma=2592000,h3-Q046=\":443\"; ma=2592000,h3-Q043=\":443\"; ma=2592000,quic=\":443\"; ma=2592000; v=\"46,43\"","accept-ranges":"none","transfer-encoding":"chunked"}
[debug] [2021-09-13T22:06:03.350Z] [functions] found setIamPolicy permission, proceeding with deploy
[debug] [2021-09-13T22:06:03.350Z] >>> HTTP REQUEST POST https://cloudfunctions.googleapis.com/v1/projects/fullstack-dev-f9c5a/locations/us-central1/functions:generateUploadUrl  
 
[debug] [2021-09-13T22:06:13.360Z] <<< HTTP RESPONSE 200 {"content-type":"application/json; charset=UTF-8","vary":"X-Origin, Referer, Origin,Accept-Encoding","date":"Mon, 13 Sep 2021 22:06:13 GMT","server":"ESF","cache-control":"private","x-xss-protection":"0","x-frame-options":"SAMEORIGIN","x-content-type-options":"nosniff","alt-svc":"h3=\":443\"; ma=2592000,h3-29=\":443\"; ma=2592000,h3-T051=\":443\"; ma=2592000,h3-Q050=\":443\"; ma=2592000,h3-Q046=\":443\"; ma=2592000,h3-Q043=\":443\"; ma=2592000,quic=\":443\"; ma=2592000; v=\"46,43\"","accept-ranges":"none","transfer-encoding":"chunked"}
[debug] [2021-09-13T22:06:13.361Z] >>> HTTP REQUEST PUT https://storage.googleapis.com/gcf-upload-us-central1-a7749f08-8a7d-42f0-878a-97c24c574931/10bc0ba8-5e6b-4b68-93f9-950e5d444517.zip?GoogleAccessId=service-904970299316@gcf-admin-robot.iam.gserviceaccount.com&Expires=1631572573&Signature=sRvWqAGJJre2qJw5lSzm8Lzw3xH8B7%2FtKw7o2DQKVvWF1SEAiJ7AHOjQ8WRMvBL5nkg49bmJwGdt7qvFEvqs4LPw2lol6mMUbQlY36p7BY8FmlRXsmgFWve0pu0xhBsNmmWImr6qutO2oJPEgpc1atsx%2FGM2ybrCBPK9R9mdpRgH747BAHuGHDSC6T2BLTztibG%2FBzi8gA9HHqeK35BU0C5XKh%2B95oBUMFMnWskBQNfSYSbn4SIgPGOg8VaQhbFvQC%2BxlAz4V%2BjM7b8H3vBnVZ3mwM4OeVRSZjOPF3IgCVyZt2XEnjiVTP%2FXePgiYHbOP2ts8IVvhNJUkpvyv7ifZw%3D%3D  
 <request body omitted>
[debug] [2021-09-13T22:06:13.611Z] <<< HTTP RESPONSE 200 {"x-guploader-uploadid":"ADPycdtXPtOGZGV5eeCjD6xkr_4gO_iTkFgX6vntPA68xPYTk0YfDU91VWQN2Pb8NVQ5yijtOgYers2Y5UBJYU7HLA","etag":"\"6d737053961cb81a903b67c29f604eb0\"","x-goog-generation":"1631570773622277","x-goog-metageneration":"1","x-goog-hash":"crc32c=5YzP7A==, md5=bXNwU5YcuBqQO2fCn2BOsA==","x-goog-stored-content-length":"26113","x-goog-stored-content-encoding":"identity","vary":"Origin","content-length":"0","date":"Mon, 13 Sep 2021 22:06:13 GMT","server":"UploadServer","content-type":"text/html; charset=UTF-8","alt-svc":"h3=\":443\"; ma=2592000,h3-29=\":443\"; ma=2592000,h3-T051=\":443\"; ma=2592000,h3-Q050=\":443\"; ma=2592000,h3-Q046=\":443\"; ma=2592000,h3-Q043=\":443\"; ma=2592000,quic=\":443\"; ma=2592000; v=\"46,43\""}
[info] ✔  functions: functions folder uploaded successfully 
[info] i  functions: creating Node.js 14 function grabData(us-central1)... 
[debug] [2021-09-13T22:06:13.621Z] >>> HTTP REQUEST POST https://cloudfunctions.googleapis.com/v1/projects/fullstack-dev-f9c5a/locations/us-central1/functions  
 {"name":"projects/fullstack-dev-f9c5a/locations/us-central1/functions/grabData","sourceUploadUrl":"https://storage.googleapis.com/gcf-upload-us-central1-a7749f08-8a7d-42f0-878a-97c24c574931/10bc0ba8-5e6b-4b68-93f9-950e5d444517.zip?GoogleAccessId=service-904970299316@gcf-admin-robot.iam.gserviceaccount.com&Expires=1631572573&Signature=sRvWqAGJJre2qJw5lSzm8Lzw3xH8B7%2FtKw7o2DQKVvWF1SEAiJ7AHOjQ8WRMvBL5nkg49bmJwGdt7qvFEvqs4LPw2lol6mMUbQlY36p7BY8FmlRXsmgFWve0pu0xhBsNmmWImr6qutO2oJPEgpc1atsx%2FGM2ybrCBPK9R9mdpRgH747BAHuGHDSC6T2BLTztibG%2FBzi8gA9HHqeK35BU0C5XKh%2B95oBUMFMnWskBQNfSYSbn4SIgPGOg8VaQhbFvQC%2BxlAz4V%2BjM7b8H3vBnVZ3mwM4OeVRSZjOPF3IgCVyZt2XEnjiVTP%2FXePgiYHbOP2ts8IVvhNJUkpvyv7ifZw%3D%3D","entryPoint":"grabData","runtime":"nodejs14","httpsTrigger":{},"labels":{"deployment-callable":"true","deployment-tool":"cli-firebase"},"environmentVariables":{"FIREBASE_CONFIG":"{\"projectId\":\"fullstack-dev-f9c5a\",\"storageBucket\":\"fullstack-dev-f9c5a.appspot.com\",\"locationId\":\"us-west2\"}","GCLOUD_PROJECT":"fullstack-dev-f9c5a"}}
[debug] [2021-09-13T22:06:14.288Z] <<< HTTP RESPONSE 200 {"content-type":"application/json; charset=UTF-8","vary":"X-Origin, Referer, Origin,Accept-Encoding","date":"Mon, 13 Sep 2021 22:06:14 GMT","server":"ESF","cache-control":"private","x-xss-protection":"0","x-frame-options":"SAMEORIGIN","x-content-type-options":"nosniff","alt-svc":"h3=\":443\"; ma=2592000,h3-29=\":443\"; ma=2592000,h3-T051=\":443\"; ma=2592000,h3-Q050=\":443\"; ma=2592000,h3-Q046=\":443\"; ma=2592000,h3-Q043=\":443\"; ma=2592000,quic=\":443\"; ma=2592000; v=\"46,43\"","accept-ranges":"none","transfer-encoding":"chunked"}
[debug] [2021-09-13T22:06:14.296Z] > refreshing access token with scopes: []
[debug] [2021-09-13T22:06:14.300Z] >>> HTTP REQUEST POST https://www.googleapis.com/oauth2/v3/token  
 <request body omitted>
[debug] [2021-09-13T22:06:14.390Z] <<< HTTP RESPONSE 200 {"expires":"Mon, 01 Jan 1990 00:00:00 GMT","pragma":"no-cache","date":"Mon, 13 Sep 2021 22:06:14 GMT","cache-control":"no-cache, no-store, max-age=0, must-revalidate","content-type":"application/json; charset=utf-8","vary":"X-Origin, Referer, Origin,Accept-Encoding","server":"scaffolding on HTTPServer2","x-xss-protection":"0","x-frame-options":"SAMEORIGIN","x-content-type-options":"nosniff","alt-svc":"h3=\":443\"; ma=2592000,h3-29=\":443\"; ma=2592000,h3-T051=\":443\"; ma=2592000,h3-Q050=\":443\"; ma=2592000,h3-Q046=\":443\"; ma=2592000,h3-Q043=\":443\"; ma=2592000,quic=\":443\"; ma=2592000; v=\"46,43\"","accept-ranges":"none","transfer-encoding":"chunked"}
[debug] [2021-09-13T22:06:14.444Z] >>> [apiv2][query] GET https://cloudfunctions.googleapis.com/v1/operations/ZnVsbHN0YWNrLWRldi1mOWM1YS91cy1jZW50cmFsMS9ncmFiRGF0YS9KbGgyb2E2UmhUVQ [none]
[debug] [2021-09-13T22:06:14.824Z] <<< [apiv2][status] GET https://cloudfunctions.googleapis.com/v1/operations/ZnVsbHN0YWNrLWRldi1mOWM1YS91cy1jZW50cmFsMS9ncmFiRGF0YS9KbGgyb2E2UmhUVQ 200
[debug] [2021-09-13T22:06:14.824Z] <<< [apiv2][body] GET https://cloudfunctions.googleapis.com/v1/operations/ZnVsbHN0YWNrLWRldi1mOWM1YS91cy1jZW50cmFsMS9ncmFiRGF0YS9KbGgyb2E2UmhUVQ {"name":"operations/ZnVsbHN0YWNrLWRldi1mOWM1YS91cy1jZW50cmFsMS9ncmFiRGF0YS9KbGgyb2E2UmhUVQ","metadata":{"@type":"type.googleapis.com/google.cloud.functions.v1.OperationMetadataV1","target":"projects/fullstack-dev-f9c5a/locations/us-central1/functions/grabData","type":"CREATE_FUNCTION","request":{"@type":"type.googleapis.com/google.cloud.functions.v1.CloudFunction","name":"projects/fullstack-dev-f9c5a/locations/us-central1/functions/grabData","httpsTrigger":{},"entryPoint":"grabData","labels":{"deployment-callable":"true","deployment-tool":"cli-firebase"},"sourceUploadUrl":"https://storage.googleapis.com/gcf-upload-us-central1-a7749f08-8a7d-42f0-878a-97c24c574931/10bc0ba8-5e6b-4b68-93f9-950e5d444517.zip?GoogleAccessId=service-904970299316@gcf-admin-robot.iam.gserviceaccount.com&Expires=1631572573&Signature=sRvWqAGJJre2qJw5lSzm8Lzw3xH8B7%2FtKw7o2DQKVvWF1SEAiJ7AHOjQ8WRMvBL5nkg49bmJwGdt7qvFEvqs4LPw2lol6mMUbQlY36p7BY8FmlRXsmgFWve0pu0xhBsNmmWImr6qutO2oJPEgpc1atsx%2FGM2ybrCBPK9R9mdpRgH747BAHuGHDSC6T2BLTztibG%2FBzi8gA9HHqeK35BU0C5XKh%2B95oBUMFMnWskBQNfSYSbn4SIgPGOg8VaQhbFvQC%2BxlAz4V%2BjM7b8H3vBnVZ3mwM4OeVRSZjOPF3IgCVyZt2XEnjiVTP%2FXePgiYHbOP2ts8IVvhNJUkpvyv7ifZw%3D%3D","environmentVariables":{"FIREBASE_CONFIG":"{\"projectId\":\"fullstack-dev-f9c5a\",\"storageBucket\":\"fullstack-dev-f9c5a.appspot.com\",\"locationId\":\"us-west2\"}","GCLOUD_PROJECT":"fullstack-dev-f9c5a"},"runtime":"nodejs14"},"versionId":"1","updateTime":"2021-09-13T22:06:14Z"}}
[debug] [2021-09-13T22:06:15.332Z] [create-projects/fullstack-dev-f9c5a/locations/us-central1/functions/grabData] Retrying task index 0
[debug] [2021-09-13T22:06:15.334Z] >>> [apiv2][query] GET https://cloudfunctions.googleapis.com/v1/operations/ZnVsbHN0YWNrLWRldi1mOWM1YS91cy1jZW50cmFsMS9ncmFiRGF0YS9KbGgyb2E2UmhUVQ [none]
[debug] [2021-09-13T22:06:15.697Z] <<< [apiv2][status] GET https://cloudfunctions.googleapis.com/v1/operations/ZnVsbHN0YWNrLWRldi1mOWM1YS91cy1jZW50cmFsMS9ncmFiRGF0YS9KbGgyb2E2UmhUVQ 200
[debug] [2021-09-13T22:06:15.698Z] <<< [apiv2][body] GET https://cloudfunctions.googleapis.com/v1/operations/ZnVsbHN0YWNrLWRldi1mOWM1YS91cy1jZW50cmFsMS9ncmFiRGF0YS9KbGgyb2E2UmhUVQ {"name":"operations/ZnVsbHN0YWNrLWRldi1mOWM1YS91cy1jZW50cmFsMS9ncmFiRGF0YS9KbGgyb2E2UmhUVQ","metadata":{"@type":"type.googleapis.com/google.cloud.functions.v1.OperationMetadataV1","target":"projects/fullstack-dev-f9c5a/locations/us-central1/functions/grabData","type":"CREATE_FUNCTION","request":{"@type":"type.googleapis.com/google.cloud.functions.v1.CloudFunction","name":"projects/fullstack-dev-f9c5a/locations/us-central1/functions/grabData","httpsTrigger":{},"entryPoint":"grabData","labels":{"deployment-callable":"true","deployment-tool":"cli-firebase"},"sourceUploadUrl":"https://storage.googleapis.com/gcf-upload-us-central1-a7749f08-8a7d-42f0-878a-97c24c574931/10bc0ba8-5e6b-4b68-93f9-950e5d444517.zip?GoogleAccessId=service-904970299316@gcf-admin-robot.iam.gserviceaccount.com&Expires=1631572573&Signature=sRvWqAGJJre2qJw5lSzm8Lzw3xH8B7%2FtKw7o2DQKVvWF1SEAiJ7AHOjQ8WRMvBL5nkg49bmJwGdt7qvFEvqs4LPw2lol6mMUbQlY36p7BY8FmlRXsmgFWve0pu0xhBsNmmWImr6qutO2oJPEgpc1atsx%2FGM2ybrCBPK9R9mdpRgH747BAHuGHDSC6T2BLTztibG%2FBzi8gA9HHqeK35BU0C5XKh%2B95oBUMFMnWskBQNfSYSbn4SIgPGOg8VaQhbFvQC%2BxlAz4V%2BjM7b8H3vBnVZ3mwM4OeVRSZjOPF3IgCVyZt2XEnjiVTP%2FXePgiYHbOP2ts8IVvhNJUkpvyv7ifZw%3D%3D","environmentVariables":{"FIREBASE_CONFIG":"{\"projectId\":\"fullstack-dev-f9c5a\",\"storageBucket\":\"fullstack-dev-f9c5a.appspot.com\",\"locationId\":\"us-west2\"}","GCLOUD_PROJECT":"fullstack-dev-f9c5a"},"runtime":"nodejs14"},"versionId":"1","updateTime":"2021-09-13T22:06:14Z"}}
[debug] [2021-09-13T22:06:16.700Z] [create-projects/fullstack-dev-f9c5a/locations/us-central1/functions/grabData] Retrying task index 0
[debug] [2021-09-13T22:06:16.703Z] >>> [apiv2][query] GET https://cloudfunctions.googleapis.com/v1/operations/ZnVsbHN0YWNrLWRldi1mOWM1YS91cy1jZW50cmFsMS9ncmFiRGF0YS9KbGgyb2E2UmhUVQ [none]
[debug] [2021-09-13T22:06:17.050Z] <<< [apiv2][status] GET https://cloudfunctions.googleapis.com/v1/operations/ZnVsbHN0YWNrLWRldi1mOWM1YS91cy1jZW50cmFsMS9ncmFiRGF0YS9KbGgyb2E2UmhUVQ 200
[debug] [2021-09-13T22:06:17.051Z] <<< [apiv2][body] GET https://cloudfunctions.googleapis.com/v1/operations/ZnVsbHN0YWNrLWRldi1mOWM1YS91cy1jZW50cmFsMS9ncmFiRGF0YS9KbGgyb2E2UmhUVQ {"name":"operations/ZnVsbHN0YWNrLWRldi1mOWM1YS91cy1jZW50cmFsMS9ncmFiRGF0YS9KbGgyb2E2UmhUVQ","metadata":{"@type":"type.googleapis.com/google.cloud.functions.v1.OperationMetadataV1","target":"projects/fullstack-dev-f9c5a/locations/us-central1/functions/grabData","type":"CREATE_FUNCTION","request":{"@type":"type.googleapis.com/google.cloud.functions.v1.CloudFunction","name":"projects/fullstack-dev-f9c5a/locations/us-central1/functions/grabData","httpsTrigger":{},"entryPoint":"grabData","labels":{"deployment-callable":"true","deployment-tool":"cli-firebase"},"sourceUploadUrl":"https://storage.googleapis.com/gcf-upload-us-central1-a7749f08-8a7d-42f0-878a-97c24c574931/10bc0ba8-5e6b-4b68-93f9-950e5d444517.zip?GoogleAccessId=service-904970299316@gcf-admin-robot.iam.gserviceaccount.com&Expires=1631572573&Signature=sRvWqAGJJre2qJw5lSzm8Lzw3xH8B7%2FtKw7o2DQKVvWF1SEAiJ7AHOjQ8WRMvBL5nkg49bmJwGdt7qvFEvqs4LPw2lol6mMUbQlY36p7BY8FmlRXsmgFWve0pu0xhBsNmmWImr6qutO2oJPEgpc1atsx%2FGM2ybrCBPK9R9mdpRgH747BAHuGHDSC6T2BLTztibG%2FBzi8gA9HHqeK35BU0C5XKh%2B95oBUMFMnWskBQNfSYSbn4SIgPGOg8VaQhbFvQC%2BxlAz4V%2BjM7b8H3vBnVZ3mwM4OeVRSZjOPF3IgCVyZt2XEnjiVTP%2FXePgiYHbOP2ts8IVvhNJUkpvyv7ifZw%3D%3D","environmentVariables":{"FIREBASE_CONFIG":"{\"projectId\":\"fullstack-dev-f9c5a\",\"storageBucket\":\"fullstack-dev-f9c5a.appspot.com\",\"locationId\":\"us-west2\"}","GCLOUD_PROJECT":"fullstack-dev-f9c5a"},"runtime":"nodejs14"},"versionId":"1","updateTime":"2021-09-13T22:06:14Z","buildId":"297092c6-8c7d-433b-bc39-0800200f6996","buildName":"projects/904970299316/locations/us-central1/builds/297092c6-8c7d-433b-bc39-0800200f6996"}}
[debug] [2021-09-13T22:06:19.057Z] [create-projects/fullstack-dev-f9c5a/locations/us-central1/functions/grabData] Retrying task index 0
[debug] [2021-09-13T22:06:19.058Z] >>> [apiv2][query] GET https://cloudfunctions.googleapis.com/v1/operations/ZnVsbHN0YWNrLWRldi1mOWM1YS91cy1jZW50cmFsMS9ncmFiRGF0YS9KbGgyb2E2UmhUVQ [none]
[debug] [2021-09-13T22:06:19.431Z] <<< [apiv2][status] GET https://cloudfunctions.googleapis.com/v1/operations/ZnVsbHN0YWNrLWRldi1mOWM1YS91cy1jZW50cmFsMS9ncmFiRGF0YS9KbGgyb2E2UmhUVQ 200
[debug] [2021-09-13T22:06:19.431Z] <<< [apiv2][body] GET https://cloudfunctions.googleapis.com/v1/operations/ZnVsbHN0YWNrLWRldi1mOWM1YS91cy1jZW50cmFsMS9ncmFiRGF0YS9KbGgyb2E2UmhUVQ {"name":"operations/ZnVsbHN0YWNrLWRldi1mOWM1YS91cy1jZW50cmFsMS9ncmFiRGF0YS9KbGgyb2E2UmhUVQ","metadata":{"@type":"type.googleapis.com/google.cloud.functions.v1.OperationMetadataV1","target":"projects/fullstack-dev-f9c5a/locations/us-central1/functions/grabData","type":"CREATE_FUNCTION","request":{"@type":"type.googleapis.com/google.cloud.functions.v1.CloudFunction","name":"projects/fullstack-dev-f9c5a/locations/us-central1/functions/grabData","httpsTrigger":{},"entryPoint":"grabData","labels":{"deployment-callable":"true","deployment-tool":"cli-firebase"},"sourceUploadUrl":"https://storage.googleapis.com/gcf-upload-us-central1-a7749f08-8a7d-42f0-878a-97c24c574931/10bc0ba8-5e6b-4b68-93f9-950e5d444517.zip?GoogleAccessId=service-904970299316@gcf-admin-robot.iam.gserviceaccount.com&Expires=1631572573&Signature=sRvWqAGJJre2qJw5lSzm8Lzw3xH8B7%2FtKw7o2DQKVvWF1SEAiJ7AHOjQ8WRMvBL5nkg49bmJwGdt7qvFEvqs4LPw2lol6mMUbQlY36p7BY8FmlRXsmgFWve0pu0xhBsNmmWImr6qutO2oJPEgpc1atsx%2FGM2ybrCBPK9R9mdpRgH747BAHuGHDSC6T2BLTztibG%2FBzi8gA9HHqeK35BU0C5XKh%2B95oBUMFMnWskBQNfSYSbn4SIgPGOg8VaQhbFvQC%2BxlAz4V%2BjM7b8H3vBnVZ3mwM4OeVRSZjOPF3IgCVyZt2XEnjiVTP%2FXePgiYHbOP2ts8IVvhNJUkpvyv7ifZw%3D%3D","environmentVariables":{"FIREBASE_CONFIG":"{\"projectId\":\"fullstack-dev-f9c5a\",\"storageBucket\":\"fullstack-dev-f9c5a.appspot.com\",\"locationId\":\"us-west2\"}","GCLOUD_PROJECT":"fullstack-dev-f9c5a"},"runtime":"nodejs14"},"versionId":"1","updateTime":"2021-09-13T22:06:14Z","buildId":"297092c6-8c7d-433b-bc39-0800200f6996","buildName":"projects/904970299316/locations/us-central1/builds/297092c6-8c7d-433b-bc39-0800200f6996"}}
[debug] [2021-09-13T22:06:23.433Z] [create-projects/fullstack-dev-f9c5a/locations/us-central1/functions/grabData] Retrying task index 0
[debug] [2021-09-13T22:06:23.434Z] >>> [apiv2][query] GET https://cloudfunctions.googleapis.com/v1/operations/ZnVsbHN0YWNrLWRldi1mOWM1YS91cy1jZW50cmFsMS9ncmFiRGF0YS9KbGgyb2E2UmhUVQ [none]
[debug] [2021-09-13T22:06:23.850Z] <<< [apiv2][status] GET https://cloudfunctions.googleapis.com/v1/operations/ZnVsbHN0YWNrLWRldi1mOWM1YS91cy1jZW50cmFsMS9ncmFiRGF0YS9KbGgyb2E2UmhUVQ 200
[debug] [2021-09-13T22:06:23.850Z] <<< [apiv2][body] GET https://cloudfunctions.googleapis.com/v1/operations/ZnVsbHN0YWNrLWRldi1mOWM1YS91cy1jZW50cmFsMS9ncmFiRGF0YS9KbGgyb2E2UmhUVQ {"name":"operations/ZnVsbHN0YWNrLWRldi1mOWM1YS91cy1jZW50cmFsMS9ncmFiRGF0YS9KbGgyb2E2UmhUVQ","metadata":{"@type":"type.googleapis.com/google.cloud.functions.v1.OperationMetadataV1","target":"projects/fullstack-dev-f9c5a/locations/us-central1/functions/grabData","type":"CREATE_FUNCTION","request":{"@type":"type.googleapis.com/google.cloud.functions.v1.CloudFunction","name":"projects/fullstack-dev-f9c5a/locations/us-central1/functions/grabData","httpsTrigger":{},"entryPoint":"grabData","labels":{"deployment-callable":"true","deployment-tool":"cli-firebase"},"sourceUploadUrl":"https://storage.googleapis.com/gcf-upload-us-central1-a7749f08-8a7d-42f0-878a-97c24c574931/10bc0ba8-5e6b-4b68-93f9-950e5d444517.zip?GoogleAccessId=service-904970299316@gcf-admin-robot.iam.gserviceaccount.com&Expires=1631572573&Signature=sRvWqAGJJre2qJw5lSzm8Lzw3xH8B7%2FtKw7o2DQKVvWF1SEAiJ7AHOjQ8WRMvBL5nkg49bmJwGdt7qvFEvqs4LPw2lol6mMUbQlY36p7BY8FmlRXsmgFWve0pu0xhBsNmmWImr6qutO2oJPEgpc1atsx%2FGM2ybrCBPK9R9mdpRgH747BAHuGHDSC6T2BLTztibG%2FBzi8gA9HHqeK35BU0C5XKh%2B95oBUMFMnWskBQNfSYSbn4SIgPGOg8VaQhbFvQC%2BxlAz4V%2BjM7b8H3vBnVZ3mwM4OeVRSZjOPF3IgCVyZt2XEnjiVTP%2FXePgiYHbOP2ts8IVvhNJUkpvyv7ifZw%3D%3D","environmentVariables":{"FIREBASE_CONFIG":"{\"projectId\":\"fullstack-dev-f9c5a\",\"storageBucket\":\"fullstack-dev-f9c5a.appspot.com\",\"locationId\":\"us-west2\"}","GCLOUD_PROJECT":"fullstack-dev-f9c5a"},"runtime":"nodejs14"},"versionId":"1","updateTime":"2021-09-13T22:06:14Z","buildId":"297092c6-8c7d-433b-bc39-0800200f6996","buildName":"projects/904970299316/locations/us-central1/builds/297092c6-8c7d-433b-bc39-0800200f6996"}}
[debug] [2021-09-13T22:06:31.855Z] [create-projects/fullstack-dev-f9c5a/locations/us-central1/functions/grabData] Retrying task index 0
[debug] [2021-09-13T22:06:31.857Z] >>> [apiv2][query] GET https://cloudfunctions.googleapis.com/v1/operations/ZnVsbHN0YWNrLWRldi1mOWM1YS91cy1jZW50cmFsMS9ncmFiRGF0YS9KbGgyb2E2UmhUVQ [none]
[debug] [2021-09-13T22:06:32.198Z] <<< [apiv2][status] GET https://cloudfunctions.googleapis.com/v1/operations/ZnVsbHN0YWNrLWRldi1mOWM1YS91cy1jZW50cmFsMS9ncmFiRGF0YS9KbGgyb2E2UmhUVQ 200
[debug] [2021-09-13T22:06:32.199Z] <<< [apiv2][body] GET https://cloudfunctions.googleapis.com/v1/operations/ZnVsbHN0YWNrLWRldi1mOWM1YS91cy1jZW50cmFsMS9ncmFiRGF0YS9KbGgyb2E2UmhUVQ {"name":"operations/ZnVsbHN0YWNrLWRldi1mOWM1YS91cy1jZW50cmFsMS9ncmFiRGF0YS9KbGgyb2E2UmhUVQ","metadata":{"@type":"type.googleapis.com/google.cloud.functions.v1.OperationMetadataV1","target":"projects/fullstack-dev-f9c5a/locations/us-central1/functions/grabData","type":"CREATE_FUNCTION","request":{"@type":"type.googleapis.com/google.cloud.functions.v1.CloudFunction","name":"projects/fullstack-dev-f9c5a/locations/us-central1/functions/grabData","httpsTrigger":{},"entryPoint":"grabData","labels":{"deployment-callable":"true","deployment-tool":"cli-firebase"},"sourceUploadUrl":"https://storage.googleapis.com/gcf-upload-us-central1-a7749f08-8a7d-42f0-878a-97c24c574931/10bc0ba8-5e6b-4b68-93f9-950e5d444517.zip?GoogleAccessId=service-904970299316@gcf-admin-robot.iam.gserviceaccount.com&Expires=1631572573&Signature=sRvWqAGJJre2qJw5lSzm8Lzw3xH8B7%2FtKw7o2DQKVvWF1SEAiJ7AHOjQ8WRMvBL5nkg49bmJwGdt7qvFEvqs4LPw2lol6mMUbQlY36p7BY8FmlRXsmgFWve0pu0xhBsNmmWImr6qutO2oJPEgpc1atsx%2FGM2ybrCBPK9R9mdpRgH747BAHuGHDSC6T2BLTztibG%2FBzi8gA9HHqeK35BU0C5XKh%2B95oBUMFMnWskBQNfSYSbn4SIgPGOg8VaQhbFvQC%2BxlAz4V%2BjM7b8H3vBnVZ3mwM4OeVRSZjOPF3IgCVyZt2XEnjiVTP%2FXePgiYHbOP2ts8IVvhNJUkpvyv7ifZw%3D%3D","environmentVariables":{"FIREBASE_CONFIG":"{\"projectId\":\"fullstack-dev-f9c5a\",\"storageBucket\":\"fullstack-dev-f9c5a.appspot.com\",\"locationId\":\"us-west2\"}","GCLOUD_PROJECT":"fullstack-dev-f9c5a"},"runtime":"nodejs14"},"versionId":"1","updateTime":"2021-09-13T22:06:14Z","buildId":"297092c6-8c7d-433b-bc39-0800200f6996","buildName":"projects/904970299316/locations/us-central1/builds/297092c6-8c7d-433b-bc39-0800200f6996"}}
[debug] [2021-09-13T22:06:48.204Z] [create-projects/fullstack-dev-f9c5a/locations/us-central1/functions/grabData] Retrying task index 0
[debug] [2021-09-13T22:06:48.205Z] >>> [apiv2][query] GET https://cloudfunctions.googleapis.com/v1/operations/ZnVsbHN0YWNrLWRldi1mOWM1YS91cy1jZW50cmFsMS9ncmFiRGF0YS9KbGgyb2E2UmhUVQ [none]
[debug] [2021-09-13T22:06:48.629Z] <<< [apiv2][status] GET https://cloudfunctions.googleapis.com/v1/operations/ZnVsbHN0YWNrLWRldi1mOWM1YS91cy1jZW50cmFsMS9ncmFiRGF0YS9KbGgyb2E2UmhUVQ 200
[debug] [2021-09-13T22:06:48.630Z] <<< [apiv2][body] GET https://cloudfunctions.googleapis.com/v1/operations/ZnVsbHN0YWNrLWRldi1mOWM1YS91cy1jZW50cmFsMS9ncmFiRGF0YS9KbGgyb2E2UmhUVQ {"name":"operations/ZnVsbHN0YWNrLWRldi1mOWM1YS91cy1jZW50cmFsMS9ncmFiRGF0YS9KbGgyb2E2UmhUVQ","metadata":{"@type":"type.googleapis.com/google.cloud.functions.v1.OperationMetadataV1","target":"projects/fullstack-dev-f9c5a/locations/us-central1/functions/grabData","type":"CREATE_FUNCTION","request":{"@type":"type.googleapis.com/google.cloud.functions.v1.CloudFunction","name":"projects/fullstack-dev-f9c5a/locations/us-central1/functions/grabData","httpsTrigger":{},"entryPoint":"grabData","labels":{"deployment-callable":"true","deployment-tool":"cli-firebase"},"sourceUploadUrl":"https://storage.googleapis.com/gcf-upload-us-central1-a7749f08-8a7d-42f0-878a-97c24c574931/10bc0ba8-5e6b-4b68-93f9-950e5d444517.zip?GoogleAccessId=service-904970299316@gcf-admin-robot.iam.gserviceaccount.com&Expires=1631572573&Signature=sRvWqAGJJre2qJw5lSzm8Lzw3xH8B7%2FtKw7o2DQKVvWF1SEAiJ7AHOjQ8WRMvBL5nkg49bmJwGdt7qvFEvqs4LPw2lol6mMUbQlY36p7BY8FmlRXsmgFWve0pu0xhBsNmmWImr6qutO2oJPEgpc1atsx%2FGM2ybrCBPK9R9mdpRgH747BAHuGHDSC6T2BLTztibG%2FBzi8gA9HHqeK35BU0C5XKh%2B95oBUMFMnWskBQNfSYSbn4SIgPGOg8VaQhbFvQC%2BxlAz4V%2BjM7b8H3vBnVZ3mwM4OeVRSZjOPF3IgCVyZt2XEnjiVTP%2FXePgiYHbOP2ts8IVvhNJUkpvyv7ifZw%3D%3D","environmentVariables":{"FIREBASE_CONFIG":"{\"projectId\":\"fullstack-dev-f9c5a\",\"storageBucket\":\"fullstack-dev-f9c5a.appspot.com\",\"locationId\":\"us-west2\"}","GCLOUD_PROJECT":"fullstack-dev-f9c5a"},"runtime":"nodejs14"},"versionId":"1","updateTime":"2021-09-13T22:06:14Z","buildId":"297092c6-8c7d-433b-bc39-0800200f6996","buildName":"projects/904970299316/locations/us-central1/builds/297092c6-8c7d-433b-bc39-0800200f6996"}}
[debug] [2021-09-13T22:07:20.635Z] [create-projects/fullstack-dev-f9c5a/locations/us-central1/functions/grabData] Retrying task index 0
[debug] [2021-09-13T22:07:20.637Z] >>> [apiv2][query] GET https://cloudfunctions.googleapis.com/v1/operations/ZnVsbHN0YWNrLWRldi1mOWM1YS91cy1jZW50cmFsMS9ncmFiRGF0YS9KbGgyb2E2UmhUVQ [none]
[debug] [2021-09-13T22:07:21.005Z] <<< [apiv2][status] GET https://cloudfunctions.googleapis.com/v1/operations/ZnVsbHN0YWNrLWRldi1mOWM1YS91cy1jZW50cmFsMS9ncmFiRGF0YS9KbGgyb2E2UmhUVQ 200
[debug] [2021-09-13T22:07:21.005Z] <<< [apiv2][body] GET https://cloudfunctions.googleapis.com/v1/operations/ZnVsbHN0YWNrLWRldi1mOWM1YS91cy1jZW50cmFsMS9ncmFiRGF0YS9KbGgyb2E2UmhUVQ {"name":"operations/ZnVsbHN0YWNrLWRldi1mOWM1YS91cy1jZW50cmFsMS9ncmFiRGF0YS9KbGgyb2E2UmhUVQ","metadata":{"@type":"type.googleapis.com/google.cloud.functions.v1.OperationMetadataV1","target":"projects/fullstack-dev-f9c5a/locations/us-central1/functions/grabData","type":"CREATE_FUNCTION","request":{"@type":"type.googleapis.com/google.cloud.functions.v1.CloudFunction","name":"projects/fullstack-dev-f9c5a/locations/us-central1/functions/grabData","httpsTrigger":{},"entryPoint":"grabData","labels":{"deployment-callable":"true","deployment-tool":"cli-firebase"},"sourceUploadUrl":"https://storage.googleapis.com/gcf-upload-us-central1-a7749f08-8a7d-42f0-878a-97c24c574931/10bc0ba8-5e6b-4b68-93f9-950e5d444517.zip?GoogleAccessId=service-904970299316@gcf-admin-robot.iam.gserviceaccount.com&Expires=1631572573&Signature=sRvWqAGJJre2qJw5lSzm8Lzw3xH8B7%2FtKw7o2DQKVvWF1SEAiJ7AHOjQ8WRMvBL5nkg49bmJwGdt7qvFEvqs4LPw2lol6mMUbQlY36p7BY8FmlRXsmgFWve0pu0xhBsNmmWImr6qutO2oJPEgpc1atsx%2FGM2ybrCBPK9R9mdpRgH747BAHuGHDSC6T2BLTztibG%2FBzi8gA9HHqeK35BU0C5XKh%2B95oBUMFMnWskBQNfSYSbn4SIgPGOg8VaQhbFvQC%2BxlAz4V%2BjM7b8H3vBnVZ3mwM4OeVRSZjOPF3IgCVyZt2XEnjiVTP%2FXePgiYHbOP2ts8IVvhNJUkpvyv7ifZw%3D%3D","environmentVariables":{"FIREBASE_CONFIG":"{\"projectId\":\"fullstack-dev-f9c5a\",\"storageBucket\":\"fullstack-dev-f9c5a.appspot.com\",\"locationId\":\"us-west2\"}","GCLOUD_PROJECT":"fullstack-dev-f9c5a"},"runtime":"nodejs14"},"versionId":"1","updateTime":"2021-09-13T22:06:14Z","buildId":"297092c6-8c7d-433b-bc39-0800200f6996","buildName":"projects/904970299316/locations/us-central1/builds/297092c6-8c7d-433b-bc39-0800200f6996"}}
[debug] [2021-09-13T22:22:50.460Z] ----------------------------------------------------------------------
[debug] [2021-09-13T22:22:50.461Z] Command:       /usr/local/bin/node /usr/local/bin/firebase deploy --only functions:grabData
[debug] [2021-09-13T22:22:50.461Z] CLI Version:   9.18.0
[debug] [2021-09-13T22:22:50.461Z] Platform:      darwin
[debug] [2021-09-13T22:22:50.461Z] Node Version:  v14.17.6
[debug] [2021-09-13T22:22:50.462Z] Time:          Mon Sep 13 2021 15:22:50 GMT-0700 (Pacific Daylight Time)
[debug] [2021-09-13T22:22:50.462Z] ----------------------------------------------------------------------
[debug] 
[debug] [2021-09-13T22:22:50.513Z] > command requires scopes: ["email","openid","https://www.googleapis.com/auth/cloudplatformprojects.readonly","https://www.googleapis.com/auth/firebase","https://www.googleapis.com/auth/cloud-platform"]
[debug] [2021-09-13T22:22:50.513Z] > authorizing via signed-in user (ryancollicutt22@gmail.com)
[debug] [2021-09-13T22:22:50.513Z] [iam] checking project fullstack-dev-f9c5a for permissions ["cloudfunctions.functions.create","cloudfunctions.functions.delete","cloudfunctions.functions.get","cloudfunctions.functions.list","cloudfunctions.functions.update","cloudfunctions.operations.get","firebase.projects.get"]
[debug] [2021-09-13T22:22:50.515Z] > refreshing access token with scopes: ["email","https://www.googleapis.com/auth/cloud-platform","https://www.googleapis.com/auth/cloudplatformprojects.readonly","https://www.googleapis.com/auth/firebase","openid"]
[debug] [2021-09-13T22:22:50.515Z] >>> HTTP REQUEST POST https://www.googleapis.com/oauth2/v3/token  
 <request body omitted>
[debug] [2021-09-13T22:22:50.631Z] <<< HTTP RESPONSE 200 {"date":"Mon, 13 Sep 2021 22:22:50 GMT","pragma":"no-cache","cache-control":"no-cache, no-store, max-age=0, must-revalidate","expires":"Mon, 01 Jan 1990 00:00:00 GMT","content-type":"application/json; charset=utf-8","vary":"X-Origin, Referer, Origin,Accept-Encoding","server":"scaffolding on HTTPServer2","x-xss-protection":"0","x-frame-options":"SAMEORIGIN","x-content-type-options":"nosniff","alt-svc":"h3=\":443\"; ma=2592000,h3-29=\":443\"; ma=2592000,h3-T051=\":443\"; ma=2592000,h3-Q050=\":443\"; ma=2592000,h3-Q046=\":443\"; ma=2592000,h3-Q043=\":443\"; ma=2592000,quic=\":443\"; ma=2592000; v=\"46,43\"","accept-ranges":"none","transfer-encoding":"chunked"}
[debug] [2021-09-13T22:22:50.677Z] >>> HTTP REQUEST POST https://cloudresourcemanager.googleapis.com/v1/projects/fullstack-dev-f9c5a:testIamPermissions  
 {"permissions":["cloudfunctions.functions.create","cloudfunctions.functions.delete","cloudfunctions.functions.get","cloudfunctions.functions.list","cloudfunctions.functions.update","cloudfunctions.operations.get","firebase.projects.get"]}
[debug] [2021-09-13T22:22:50.916Z] <<< HTTP RESPONSE 200 {"content-type":"application/json; charset=UTF-8","vary":"X-Origin, Referer, Origin,Accept-Encoding","date":"Mon, 13 Sep 2021 22:22:50 GMT","server":"ESF","cache-control":"private","x-xss-protection":"0","x-frame-options":"SAMEORIGIN","x-content-type-options":"nosniff","server-timing":"gfet4t7; dur=33","alt-svc":"h3=\":443\"; ma=2592000,h3-29=\":443\"; ma=2592000,h3-T051=\":443\"; ma=2592000,h3-Q050=\":443\"; ma=2592000,h3-Q046=\":443\"; ma=2592000,h3-Q043=\":443\"; ma=2592000,quic=\":443\"; ma=2592000; v=\"46,43\"","accept-ranges":"none","transfer-encoding":"chunked"}
[debug] [2021-09-13T22:22:50.922Z] >>> HTTP REQUEST POST https://iam.googleapis.com/v1/projects/fullstack-dev-f9c5a/serviceAccounts/fullstack-dev-f9c5a@appspot.gserviceaccount.com:testIamPermissions  
 {"permissions":["iam.serviceAccounts.actAs"]}
[debug] [2021-09-13T22:22:51.447Z] <<< HTTP RESPONSE 200 {"content-type":"application/json; charset=UTF-8","vary":"X-Origin, Referer, Origin,Accept-Encoding","date":"Mon, 13 Sep 2021 22:22:51 GMT","server":"ESF","cache-control":"private","x-xss-protection":"0","x-frame-options":"SAMEORIGIN","x-content-type-options":"nosniff","alt-svc":"h3=\":443\"; ma=2592000,h3-29=\":443\"; ma=2592000,h3-T051=\":443\"; ma=2592000,h3-Q050=\":443\"; ma=2592000,h3-Q046=\":443\"; ma=2592000,h3-Q043=\":443\"; ma=2592000,quic=\":443\"; ma=2592000; v=\"46,43\"","accept-ranges":"none","transfer-encoding":"chunked"}
[info] 
[info] === Deploying to 'fullstack-dev-f9c5a'...
[info] 
[info] i  deploying functions 
[info] Running command: npm --prefix "$RESOURCE_DIR" run build
[info] ✔  functions: Finished running predeploy script. 
[debug] [2021-09-13T22:22:59.972Z] Validating nodejs source
[debug] [2021-09-13T22:23:01.414Z] > [functions] package.json contents: {
  "name": "functions",
  "scripts": {
    "build": "tsc",
    "serve": "npm run build && firebase emulators:start --only functions",
    "shell": "npm run build && firebase functions:shell",
    "start": "npm run shell",
    "deploy": "firebase deploy --only functions",
    "logs": "firebase functions:log"
  },
  "engines": {
    "node": "14"
  },
  "main": "lib/index.js",
  "dependencies": {
    "firebase-admin": "^9.8.0",
    "firebase-functions": "^3.14.1"
  },
  "devDependencies": {
    "typescript": "^3.8.0",
    "firebase-functions-test": "^0.2.0"
  },
  "private": true
}
[debug] [2021-09-13T22:23:01.414Z] Building nodejs source
[info] i  functions: ensuring required API cloudfunctions.googleapis.com is enabled... 
[info] i  functions: ensuring required API cloudbuild.googleapis.com is enabled... 
[debug] [2021-09-13T22:23:01.415Z] >>> HTTP REQUEST GET https://serviceusage.googleapis.com/v1/projects/fullstack-dev-f9c5a/services/cloudfunctions.googleapis.com  
 
[debug] [2021-09-13T22:23:01.416Z] >>> HTTP REQUEST GET https://serviceusage.googleapis.com/v1/projects/fullstack-dev-f9c5a/services/runtimeconfig.googleapis.com  
 
[debug] [2021-09-13T22:23:01.416Z] >>> HTTP REQUEST GET https://serviceusage.googleapis.com/v1/projects/fullstack-dev-f9c5a/services/cloudbuild.googleapis.com  
 
[debug] [2021-09-13T22:23:01.993Z] <<< HTTP RESPONSE 200 {"content-type":"application/json; charset=UTF-8","vary":"X-Origin, Referer, Origin,Accept-Encoding","date":"Mon, 13 Sep 2021 22:23:01 GMT","server":"ESF","cache-control":"private","x-xss-protection":"0","x-frame-options":"SAMEORIGIN","x-content-type-options":"nosniff","alt-svc":"h3=\":443\"; ma=2592000,h3-29=\":443\"; ma=2592000,h3-T051=\":443\"; ma=2592000,h3-Q050=\":443\"; ma=2592000,h3-Q046=\":443\"; ma=2592000,h3-Q043=\":443\"; ma=2592000,quic=\":443\"; ma=2592000; v=\"46,43\"","accept-ranges":"none","transfer-encoding":"chunked"}
[debug] [2021-09-13T22:23:02.093Z] <<< HTTP RESPONSE 200 {"content-type":"application/json; charset=UTF-8","vary":"X-Origin, Referer, Origin,Accept-Encoding","date":"Mon, 13 Sep 2021 22:23:01 GMT","server":"ESF","cache-control":"private","x-xss-protection":"0","x-frame-options":"SAMEORIGIN","x-content-type-options":"nosniff","alt-svc":"h3=\":443\"; ma=2592000,h3-29=\":443\"; ma=2592000,h3-T051=\":443\"; ma=2592000,h3-Q050=\":443\"; ma=2592000,h3-Q046=\":443\"; ma=2592000,h3-Q043=\":443\"; ma=2592000,quic=\":443\"; ma=2592000; v=\"46,43\"","accept-ranges":"none","transfer-encoding":"chunked"}
[info] ✔  functions: required API cloudbuild.googleapis.com is enabled 
[debug] [2021-09-13T22:23:02.117Z] <<< HTTP RESPONSE 200 {"content-type":"application/json; charset=UTF-8","vary":"X-Origin, Referer, Origin,Accept-Encoding","date":"Mon, 13 Sep 2021 22:23:01 GMT","server":"ESF","cache-control":"private","x-xss-protection":"0","x-frame-options":"SAMEORIGIN","x-content-type-options":"nosniff","alt-svc":"h3=\":443\"; ma=2592000,h3-29=\":443\"; ma=2592000,h3-T051=\":443\"; ma=2592000,h3-Q050=\":443\"; ma=2592000,h3-Q046=\":443\"; ma=2592000,h3-Q043=\":443\"; ma=2592000,quic=\":443\"; ma=2592000; v=\"46,43\"","accept-ranges":"none","transfer-encoding":"chunked"}
[info] ✔  functions: required API cloudfunctions.googleapis.com is enabled 
[debug] [2021-09-13T22:23:02.120Z] >>> HTTP REQUEST GET https://firebase.googleapis.com/v1beta1/projects/fullstack-dev-f9c5a/adminSdkConfig  
 
[debug] [2021-09-13T22:23:02.558Z] <<< HTTP RESPONSE 200 {"content-type":"application/json; charset=UTF-8","vary":"X-Origin, Referer, Origin,Accept-Encoding","date":"Mon, 13 Sep 2021 22:23:02 GMT","server":"ESF","cache-control":"private","x-xss-protection":"0","x-frame-options":"SAMEORIGIN","x-content-type-options":"nosniff","alt-svc":"h3=\":443\"; ma=2592000,h3-29=\":443\"; ma=2592000,h3-T051=\":443\"; ma=2592000,h3-Q050=\":443\"; ma=2592000,h3-Q046=\":443\"; ma=2592000,h3-Q043=\":443\"; ma=2592000,quic=\":443\"; ma=2592000; v=\"46,43\"","accept-ranges":"none","transfer-encoding":"chunked"}
[debug] [2021-09-13T22:23:02.561Z] >>> HTTP REQUEST GET https://runtimeconfig.googleapis.com/v1beta1/projects/fullstack-dev-f9c5a/configs  
 
[debug] [2021-09-13T22:23:02.779Z] <<< HTTP RESPONSE 200 {"content-type":"application/json; charset=UTF-8","vary":"X-Origin, Referer, Origin,Accept-Encoding","date":"Mon, 13 Sep 2021 22:23:02 GMT","server":"ESF","cache-control":"private","x-xss-protection":"0","x-frame-options":"SAMEORIGIN","x-content-type-options":"nosniff","alt-svc":"h3=\":443\"; ma=2592000,h3-29=\":443\"; ma=2592000,h3-T051=\":443\"; ma=2592000,h3-Q050=\":443\"; ma=2592000,h3-Q046=\":443\"; ma=2592000,h3-Q043=\":443\"; ma=2592000,quic=\":443\"; ma=2592000; v=\"46,43\"","accept-ranges":"none","transfer-encoding":"chunked"}
[debug] [2021-09-13T22:23:02.787Z] Analyzing nodejs backend spec
[info] i  functions: preparing functions directory for uploading... 
[info] i  functions: packaged functions (25.5 KB) for uploading 
[debug] [2021-09-13T22:23:02.955Z] >>> HTTP REQUEST GET https://cloudfunctions.googleapis.com/v1/projects/fullstack-dev-f9c5a/locations/-/functions  
 
[debug] [2021-09-13T22:23:03.466Z] <<< HTTP RESPONSE 200 {"content-type":"application/json; charset=UTF-8","vary":"X-Origin, Referer, Origin,Accept-Encoding","date":"Mon, 13 Sep 2021 22:23:03 GMT","server":"ESF","cache-control":"private","x-xss-protection":"0","x-frame-options":"SAMEORIGIN","x-content-type-options":"nosniff","alt-svc":"h3=\":443\"; ma=2592000,h3-29=\":443\"; ma=2592000,h3-T051=\":443\"; ma=2592000,h3-Q050=\":443\"; ma=2592000,h3-Q046=\":443\"; ma=2592000,h3-Q043=\":443\"; ma=2592000,quic=\":443\"; ma=2592000; v=\"46,43\"","accept-ranges":"none","transfer-encoding":"chunked"}
[debug] [2021-09-13T22:23:03.472Z] >>> HTTP REQUEST POST https://cloudfunctions.googleapis.com/v1/projects/fullstack-dev-f9c5a/locations/us-central1/functions:generateUploadUrl  
 
[debug] [2021-09-13T22:23:04.025Z] <<< HTTP RESPONSE 200 {"content-type":"application/json; charset=UTF-8","vary":"X-Origin, Referer, Origin,Accept-Encoding","date":"Mon, 13 Sep 2021 22:23:04 GMT","server":"ESF","cache-control":"private","x-xss-protection":"0","x-frame-options":"SAMEORIGIN","x-content-type-options":"nosniff","alt-svc":"h3=\":443\"; ma=2592000,h3-29=\":443\"; ma=2592000,h3-T051=\":443\"; ma=2592000,h3-Q050=\":443\"; ma=2592000,h3-Q046=\":443\"; ma=2592000,h3-Q043=\":443\"; ma=2592000,quic=\":443\"; ma=2592000; v=\"46,43\"","accept-ranges":"none","transfer-encoding":"chunked"}
[debug] [2021-09-13T22:23:04.030Z] >>> HTTP REQUEST PUT https://storage.googleapis.com/gcf-upload-us-central1-a7749f08-8a7d-42f0-878a-97c24c574931/354f3e54-42c6-49aa-a229-8e93f7773019.zip?GoogleAccessId=service-904970299316@gcf-admin-robot.iam.gserviceaccount.com&Expires=1631573583&Signature=If2cCrKveClkLzgJs7rSuT2aP6XYHgaPuH0C8CuqstrwXdn2KtvV3mPoz%2F9lE2C8pLvFo353dng7wDiu%2Fbq%2Fg%2FdZkkkmGWKwgKSJs%2FCKhcHjsrO1gwpyVQxla85k1qTJAGZ7PXvAIV1xkryX6tjb7pLiYZ278WnuzjjoutYqN0nkap6BjFqWsBTtV52nHoLXzaXcLGWLYzJHEF9o1BPIxVps6pUmFeTogWKXAMwiFa5syVKd5j5wPtcgcLnaMG5%2F9gerGmXlqcWHiq%2FMZ%2B1ruMJtNSsFHFP8SXYcO9vhsUyNa1%2BEwfWKNbln8NhsSI%2F9F3qxOODJRwF8Cvc7h1fdMQ%3D%3D  
 <request body omitted>
[debug] [2021-09-13T22:23:04.519Z] <<< HTTP RESPONSE 200 {"x-guploader-uploadid":"ADPycduDfI_rG7eyriDZZYoHc_OMKwd3z8mRRpZM7cAiOJkbPCY8sHHFUVnNZfszgWzirdeFOWvIdIB0jbqGIrdRANWJL9BJGA","etag":"\"c045df9f26549304b00675cf0e6a3ccc\"","x-goog-generation":"1631571784488869","x-goog-metageneration":"1","x-goog-hash":"crc32c=WcFmOw==, md5=wEXfnyZUkwSwBnXPDmo8zA==","x-goog-stored-content-length":"26113","x-goog-stored-content-encoding":"identity","vary":"Origin","content-length":"0","date":"Mon, 13 Sep 2021 22:23:04 GMT","server":"UploadServer","content-type":"text/html; charset=UTF-8","alt-svc":"h3=\":443\"; ma=2592000,h3-29=\":443\"; ma=2592000,h3-T051=\":443\"; ma=2592000,h3-Q050=\":443\"; ma=2592000,h3-Q046=\":443\"; ma=2592000,h3-Q043=\":443\"; ma=2592000,quic=\":443\"; ma=2592000; v=\"46,43\""}
[info] ✔  functions: functions folder uploaded successfully 
[info] i  functions: updating Node.js 14 function grabData(us-central1)... 
[debug] [2021-09-13T22:23:04.524Z] >>> HTTP REQUEST PATCH https://cloudfunctions.googleapis.com/v1/projects/fullstack-dev-f9c5a/locations/us-central1/functions/grabData {"updateMask":"name,sourceUploadUrl,entryPoint,runtime,httpsTrigger,labels,environmentVariables"} 
 {"name":"projects/fullstack-dev-f9c5a/locations/us-central1/functions/grabData","sourceUploadUrl":"https://storage.googleapis.com/gcf-upload-us-central1-a7749f08-8a7d-42f0-878a-97c24c574931/354f3e54-42c6-49aa-a229-8e93f7773019.zip?GoogleAccessId=service-904970299316@gcf-admin-robot.iam.gserviceaccount.com&Expires=1631573583&Signature=If2cCrKveClkLzgJs7rSuT2aP6XYHgaPuH0C8CuqstrwXdn2KtvV3mPoz%2F9lE2C8pLvFo353dng7wDiu%2Fbq%2Fg%2FdZkkkmGWKwgKSJs%2FCKhcHjsrO1gwpyVQxla85k1qTJAGZ7PXvAIV1xkryX6tjb7pLiYZ278WnuzjjoutYqN0nkap6BjFqWsBTtV52nHoLXzaXcLGWLYzJHEF9o1BPIxVps6pUmFeTogWKXAMwiFa5syVKd5j5wPtcgcLnaMG5%2F9gerGmXlqcWHiq%2FMZ%2B1ruMJtNSsFHFP8SXYcO9vhsUyNa1%2BEwfWKNbln8NhsSI%2F9F3qxOODJRwF8Cvc7h1fdMQ%3D%3D","entryPoint":"grabData","runtime":"nodejs14","httpsTrigger":{},"labels":{"deployment-callable":"true","deployment-tool":"cli-firebase"},"environmentVariables":{"FIREBASE_CONFIG":"{\"projectId\":\"fullstack-dev-f9c5a\",\"storageBucket\":\"fullstack-dev-f9c5a.appspot.com\",\"locationId\":\"us-west2\"}","GCLOUD_PROJECT":"fullstack-dev-f9c5a"}}
[debug] [2021-09-13T22:23:05.201Z] <<< HTTP RESPONSE 200 {"content-type":"application/json; charset=UTF-8","vary":"X-Origin, Referer, Origin,Accept-Encoding","date":"Mon, 13 Sep 2021 22:23:05 GMT","server":"ESF","cache-control":"private","x-xss-protection":"0","x-frame-options":"SAMEORIGIN","x-content-type-options":"nosniff","alt-svc":"h3=\":443\"; ma=2592000,h3-29=\":443\"; ma=2592000,h3-T051=\":443\"; ma=2592000,h3-Q050=\":443\"; ma=2592000,h3-Q046=\":443\"; ma=2592000,h3-Q043=\":443\"; ma=2592000,quic=\":443\"; ma=2592000; v=\"46,43\"","accept-ranges":"none","transfer-encoding":"chunked"}
[debug] [2021-09-13T22:23:05.205Z] > refreshing access token with scopes: []
[debug] [2021-09-13T22:23:05.206Z] >>> HTTP REQUEST POST https://www.googleapis.com/oauth2/v3/token  
 <request body omitted>
[debug] [2021-09-13T22:23:05.410Z] <<< HTTP RESPONSE 200 {"pragma":"no-cache","cache-control":"no-cache, no-store, max-age=0, must-revalidate","expires":"Mon, 01 Jan 1990 00:00:00 GMT","date":"Mon, 13 Sep 2021 22:23:05 GMT","content-type":"application/json; charset=utf-8","vary":"X-Origin, Referer, Origin,Accept-Encoding","server":"scaffolding on HTTPServer2","x-xss-protection":"0","x-frame-options":"SAMEORIGIN","x-content-type-options":"nosniff","alt-svc":"h3=\":443\"; ma=2592000,h3-29=\":443\"; ma=2592000,h3-T051=\":443\"; ma=2592000,h3-Q050=\":443\"; ma=2592000,h3-Q046=\":443\"; ma=2592000,h3-Q043=\":443\"; ma=2592000,quic=\":443\"; ma=2592000; v=\"46,43\"","accept-ranges":"none","transfer-encoding":"chunked"}
[debug] [2021-09-13T22:23:05.459Z] >>> [apiv2][query] GET https://cloudfunctions.googleapis.com/v1/operations/ZnVsbHN0YWNrLWRldi1mOWM1YS91cy1jZW50cmFsMS9ncmFiRGF0YS9DaGk0WEdsdllUYw [none]
[debug] [2021-09-13T22:23:05.894Z] <<< [apiv2][status] GET https://cloudfunctions.googleapis.com/v1/operations/ZnVsbHN0YWNrLWRldi1mOWM1YS91cy1jZW50cmFsMS9ncmFiRGF0YS9DaGk0WEdsdllUYw 200
[debug] [2021-09-13T22:23:05.894Z] <<< [apiv2][body] GET https://cloudfunctions.googleapis.com/v1/operations/ZnVsbHN0YWNrLWRldi1mOWM1YS91cy1jZW50cmFsMS9ncmFiRGF0YS9DaGk0WEdsdllUYw {"name":"operations/ZnVsbHN0YWNrLWRldi1mOWM1YS91cy1jZW50cmFsMS9ncmFiRGF0YS9DaGk0WEdsdllUYw","metadata":{"@type":"type.googleapis.com/google.cloud.functions.v1.OperationMetadataV1","target":"projects/fullstack-dev-f9c5a/locations/us-central1/functions/grabData","type":"UPDATE_FUNCTION","request":{"@type":"type.googleapis.com/google.cloud.functions.v1.CloudFunction","name":"projects/fullstack-dev-f9c5a/locations/us-central1/functions/grabData","httpsTrigger":{},"status":"ACTIVE","entryPoint":"grabData","timeout":"60s","availableMemoryMb":256,"serviceAccountEmail":"fullstack-dev-f9c5a@appspot.gserviceaccount.com","updateTime":"2021-09-13T22:07:41.427Z","versionId":"1","labels":{"deployment-callable":"true","deployment-tool":"cli-firebase"},"sourceUploadUrl":"https://storage.googleapis.com/gcf-upload-us-central1-a7749f08-8a7d-42f0-878a-97c24c574931/354f3e54-42c6-49aa-a229-8e93f7773019.zip?GoogleAccessId=service-904970299316@gcf-admin-robot.iam.gserviceaccount.com&Expires=1631573583&Signature=If2cCrKveClkLzgJs7rSuT2aP6XYHgaPuH0C8CuqstrwXdn2KtvV3mPoz%2F9lE2C8pLvFo353dng7wDiu%2Fbq%2Fg%2FdZkkkmGWKwgKSJs%2FCKhcHjsrO1gwpyVQxla85k1qTJAGZ7PXvAIV1xkryX6tjb7pLiYZ278WnuzjjoutYqN0nkap6BjFqWsBTtV52nHoLXzaXcLGWLYzJHEF9o1BPIxVps6pUmFeTogWKXAMwiFa5syVKd5j5wPtcgcLnaMG5%2F9gerGmXlqcWHiq%2FMZ%2B1ruMJtNSsFHFP8SXYcO9vhsUyNa1%2BEwfWKNbln8NhsSI%2F9F3qxOODJRwF8Cvc7h1fdMQ%3D%3D","environmentVariables":{"FIREBASE_CONFIG":"{\"projectId\":\"fullstack-dev-f9c5a\",\"storageBucket\":\"fullstack-dev-f9c5a.appspot.com\",\"locationId\":\"us-west2\"}","GCLOUD_PROJECT":"fullstack-dev-f9c5a"},"runtime":"nodejs14","ingressSettings":"ALLOW_ALL","buildId":"297092c6-8c7d-433b-bc39-0800200f6996","buildName":"projects/904970299316/locations/us-central1/builds/297092c6-8c7d-433b-bc39-0800200f6996"},"versionId":"2","updateTime":"2021-09-13T22:23:05Z","buildName":"projects/904970299316/locations/us-central1/builds/297092c6-8c7d-433b-bc39-0800200f6996"}}
[debug] [2021-09-13T22:23:06.402Z] [update-projects/fullstack-dev-f9c5a/locations/us-central1/functions/grabData] Retrying task index 0
[debug] [2021-09-13T22:23:06.403Z] >>> [apiv2][query] GET https://cloudfunctions.googleapis.com/v1/operations/ZnVsbHN0YWNrLWRldi1mOWM1YS91cy1jZW50cmFsMS9ncmFiRGF0YS9DaGk0WEdsdllUYw [none]
[debug] [2021-09-13T22:23:07.051Z] <<< [apiv2][status] GET https://cloudfunctions.googleapis.com/v1/operations/ZnVsbHN0YWNrLWRldi1mOWM1YS91cy1jZW50cmFsMS9ncmFiRGF0YS9DaGk0WEdsdllUYw 200
[debug] [2021-09-13T22:23:07.052Z] <<< [apiv2][body] GET https://cloudfunctions.googleapis.com/v1/operations/ZnVsbHN0YWNrLWRldi1mOWM1YS91cy1jZW50cmFsMS9ncmFiRGF0YS9DaGk0WEdsdllUYw {"name":"operations/ZnVsbHN0YWNrLWRldi1mOWM1YS91cy1jZW50cmFsMS9ncmFiRGF0YS9DaGk0WEdsdllUYw","metadata":{"@type":"type.googleapis.com/google.cloud.functions.v1.OperationMetadataV1","target":"projects/fullstack-dev-f9c5a/locations/us-central1/functions/grabData","type":"UPDATE_FUNCTION","request":{"@type":"type.googleapis.com/google.cloud.functions.v1.CloudFunction","name":"projects/fullstack-dev-f9c5a/locations/us-central1/functions/grabData","httpsTrigger":{},"status":"ACTIVE","entryPoint":"grabData","timeout":"60s","availableMemoryMb":256,"serviceAccountEmail":"fullstack-dev-f9c5a@appspot.gserviceaccount.com","updateTime":"2021-09-13T22:07:41.427Z","versionId":"1","labels":{"deployment-callable":"true","deployment-tool":"cli-firebase"},"sourceUploadUrl":"https://storage.googleapis.com/gcf-upload-us-central1-a7749f08-8a7d-42f0-878a-97c24c574931/354f3e54-42c6-49aa-a229-8e93f7773019.zip?GoogleAccessId=service-904970299316@gcf-admin-robot.iam.gserviceaccount.com&Expires=1631573583&Signature=If2cCrKveClkLzgJs7rSuT2aP6XYHgaPuH0C8CuqstrwXdn2KtvV3mPoz%2F9lE2C8pLvFo353dng7wDiu%2Fbq%2Fg%2FdZkkkmGWKwgKSJs%2FCKhcHjsrO1gwpyVQxla85k1qTJAGZ7PXvAIV1xkryX6tjb7pLiYZ278WnuzjjoutYqN0nkap6BjFqWsBTtV52nHoLXzaXcLGWLYzJHEF9o1BPIxVps6pUmFeTogWKXAMwiFa5syVKd5j5wPtcgcLnaMG5%2F9gerGmXlqcWHiq%2FMZ%2B1ruMJtNSsFHFP8SXYcO9vhsUyNa1%2BEwfWKNbln8NhsSI%2F9F3qxOODJRwF8Cvc7h1fdMQ%3D%3D","environmentVariables":{"FIREBASE_CONFIG":"{\"projectId\":\"fullstack-dev-f9c5a\",\"storageBucket\":\"fullstack-dev-f9c5a.appspot.com\",\"locationId\":\"us-west2\"}","GCLOUD_PROJECT":"fullstack-dev-f9c5a"},"runtime":"nodejs14","ingressSettings":"ALLOW_ALL","buildId":"297092c6-8c7d-433b-bc39-0800200f6996","buildName":"projects/904970299316/locations/us-central1/builds/297092c6-8c7d-433b-bc39-0800200f6996"},"versionId":"2","updateTime":"2021-09-13T22:23:05Z","buildId":"bc48b630-9e20-433c-b8ab-bef4525d1140","buildName":"projects/904970299316/locations/us-central1/builds/bc48b630-9e20-433c-b8ab-bef4525d1140"}}
[debug] [2021-09-13T22:23:08.062Z] [update-projects/fullstack-dev-f9c5a/locations/us-central1/functions/grabData] Retrying task index 0
[debug] [2021-09-13T22:23:08.066Z] >>> [apiv2][query] GET https://cloudfunctions.googleapis.com/v1/operations/ZnVsbHN0YWNrLWRldi1mOWM1YS91cy1jZW50cmFsMS9ncmFiRGF0YS9DaGk0WEdsdllUYw [none]
[debug] [2021-09-13T22:23:08.380Z] <<< [apiv2][status] GET https://cloudfunctions.googleapis.com/v1/operations/ZnVsbHN0YWNrLWRldi1mOWM1YS91cy1jZW50cmFsMS9ncmFiRGF0YS9DaGk0WEdsdllUYw 200
[debug] [2021-09-13T22:23:08.380Z] <<< [apiv2][body] GET https://cloudfunctions.googleapis.com/v1/operations/ZnVsbHN0YWNrLWRldi1mOWM1YS91cy1jZW50cmFsMS9ncmFiRGF0YS9DaGk0WEdsdllUYw {"name":"operations/ZnVsbHN0YWNrLWRldi1mOWM1YS91cy1jZW50cmFsMS9ncmFiRGF0YS9DaGk0WEdsdllUYw","metadata":{"@type":"type.googleapis.com/google.cloud.functions.v1.OperationMetadataV1","target":"projects/fullstack-dev-f9c5a/locations/us-central1/functions/grabData","type":"UPDATE_FUNCTION","request":{"@type":"type.googleapis.com/google.cloud.functions.v1.CloudFunction","name":"projects/fullstack-dev-f9c5a/locations/us-central1/functions/grabData","httpsTrigger":{},"status":"ACTIVE","entryPoint":"grabData","timeout":"60s","availableMemoryMb":256,"serviceAccountEmail":"fullstack-dev-f9c5a@appspot.gserviceaccount.com","updateTime":"2021-09-13T22:07:41.427Z","versionId":"1","labels":{"deployment-callable":"true","deployment-tool":"cli-firebase"},"sourceUploadUrl":"https://storage.googleapis.com/gcf-upload-us-central1-a7749f08-8a7d-42f0-878a-97c24c574931/354f3e54-42c6-49aa-a229-8e93f7773019.zip?GoogleAccessId=service-904970299316@gcf-admin-robot.iam.gserviceaccount.com&Expires=1631573583&Signature=If2cCrKveClkLzgJs7rSuT2aP6XYHgaPuH0C8CuqstrwXdn2KtvV3mPoz%2F9lE2C8pLvFo353dng7wDiu%2Fbq%2Fg%2FdZkkkmGWKwgKSJs%2FCKhcHjsrO1gwpyVQxla85k1qTJAGZ7PXvAIV1xkryX6tjb7pLiYZ278WnuzjjoutYqN0nkap6BjFqWsBTtV52nHoLXzaXcLGWLYzJHEF9o1BPIxVps6pUmFeTogWKXAMwiFa5syVKd5j5wPtcgcLnaMG5%2F9gerGmXlqcWHiq%2FMZ%2B1ruMJtNSsFHFP8SXYcO9vhsUyNa1%2BEwfWKNbln8NhsSI%2F9F3qxOODJRwF8Cvc7h1fdMQ%3D%3D","environmentVariables":{"FIREBASE_CONFIG":"{\"projectId\":\"fullstack-dev-f9c5a\",\"storageBucket\":\"fullstack-dev-f9c5a.appspot.com\",\"locationId\":\"us-west2\"}","GCLOUD_PROJECT":"fullstack-dev-f9c5a"},"runtime":"nodejs14","ingressSettings":"ALLOW_ALL","buildId":"297092c6-8c7d-433b-bc39-0800200f6996","buildName":"projects/904970299316/locations/us-central1/builds/297092c6-8c7d-433b-bc39-0800200f6996"},"versionId":"2","updateTime":"2021-09-13T22:23:05Z","buildId":"bc48b630-9e20-433c-b8ab-bef4525d1140","buildName":"projects/904970299316/locations/us-central1/builds/bc48b630-9e20-433c-b8ab-bef4525d1140"}}
[debug] [2021-09-13T22:23:10.384Z] [update-projects/fullstack-dev-f9c5a/locations/us-central1/functions/grabData] Retrying task index 0
[debug] [2021-09-13T22:23:10.386Z] >>> [apiv2][query] GET https://cloudfunctions.googleapis.com/v1/operations/ZnVsbHN0YWNrLWRldi1mOWM1YS91cy1jZW50cmFsMS9ncmFiRGF0YS9DaGk0WEdsdllUYw [none]
[debug] [2021-09-13T22:23:10.620Z] <<< [apiv2][status] GET https://cloudfunctions.googleapis.com/v1/operations/ZnVsbHN0YWNrLWRldi1mOWM1YS91cy1jZW50cmFsMS9ncmFiRGF0YS9DaGk0WEdsdllUYw 200
[debug] [2021-09-13T22:23:10.620Z] <<< [apiv2][body] GET https://cloudfunctions.googleapis.com/v1/operations/ZnVsbHN0YWNrLWRldi1mOWM1YS91cy1jZW50cmFsMS9ncmFiRGF0YS9DaGk0WEdsdllUYw {"name":"operations/ZnVsbHN0YWNrLWRldi1mOWM1YS91cy1jZW50cmFsMS9ncmFiRGF0YS9DaGk0WEdsdllUYw","metadata":{"@type":"type.googleapis.com/google.cloud.functions.v1.OperationMetadataV1","target":"projects/fullstack-dev-f9c5a/locations/us-central1/functions/grabData","type":"UPDATE_FUNCTION","request":{"@type":"type.googleapis.com/google.cloud.functions.v1.CloudFunction","name":"projects/fullstack-dev-f9c5a/locations/us-central1/functions/grabData","httpsTrigger":{},"status":"ACTIVE","entryPoint":"grabData","timeout":"60s","availableMemoryMb":256,"serviceAccountEmail":"fullstack-dev-f9c5a@appspot.gserviceaccount.com","updateTime":"2021-09-13T22:07:41.427Z","versionId":"1","labels":{"deployment-callable":"true","deployment-tool":"cli-firebase"},"sourceUploadUrl":"https://storage.googleapis.com/gcf-upload-us-central1-a7749f08-8a7d-42f0-878a-97c24c574931/354f3e54-42c6-49aa-a229-8e93f7773019.zip?GoogleAccessId=service-904970299316@gcf-admin-robot.iam.gserviceaccount.com&Expires=1631573583&Signature=If2cCrKveClkLzgJs7rSuT2aP6XYHgaPuH0C8CuqstrwXdn2KtvV3mPoz%2F9lE2C8pLvFo353dng7wDiu%2Fbq%2Fg%2FdZkkkmGWKwgKSJs%2FCKhcHjsrO1gwpyVQxla85k1qTJAGZ7PXvAIV1xkryX6tjb7pLiYZ278WnuzjjoutYqN0nkap6BjFqWsBTtV52nHoLXzaXcLGWLYzJHEF9o1BPIxVps6pUmFeTogWKXAMwiFa5syVKd5j5wPtcgcLnaMG5%2F9gerGmXlqcWHiq%2FMZ%2B1ruMJtNSsFHFP8SXYcO9vhsUyNa1%2BEwfWKNbln8NhsSI%2F9F3qxOODJRwF8Cvc7h1fdMQ%3D%3D","environmentVariables":{"FIREBASE_CONFIG":"{\"projectId\":\"fullstack-dev-f9c5a\",\"storageBucket\":\"fullstack-dev-f9c5a.appspot.com\",\"locationId\":\"us-west2\"}","GCLOUD_PROJECT":"fullstack-dev-f9c5a"},"runtime":"nodejs14","ingressSettings":"ALLOW_ALL","buildId":"297092c6-8c7d-433b-bc39-0800200f6996","buildName":"projects/904970299316/locations/us-central1/builds/297092c6-8c7d-433b-bc39-0800200f6996"},"versionId":"2","updateTime":"2021-09-13T22:23:05Z","buildId":"bc48b630-9e20-433c-b8ab-bef4525d1140","buildName":"projects/904970299316/locations/us-central1/builds/bc48b630-9e20-433c-b8ab-bef4525d1140"}}
[debug] [2021-09-13T22:23:14.625Z] [update-projects/fullstack-dev-f9c5a/locations/us-central1/functions/grabData] Retrying task index 0
[debug] [2021-09-13T22:23:14.625Z] >>> [apiv2][query] GET https://cloudfunctions.googleapis.com/v1/operations/ZnVsbHN0YWNrLWRldi1mOWM1YS91cy1jZW50cmFsMS9ncmFiRGF0YS9DaGk0WEdsdllUYw [none]
[debug] [2021-09-13T22:23:14.838Z] <<< [apiv2][status] GET https://cloudfunctions.googleapis.com/v1/operations/ZnVsbHN0YWNrLWRldi1mOWM1YS91cy1jZW50cmFsMS9ncmFiRGF0YS9DaGk0WEdsdllUYw 200
[debug] [2021-09-13T22:23:14.838Z] <<< [apiv2][body] GET https://cloudfunctions.googleapis.com/v1/operations/ZnVsbHN0YWNrLWRldi1mOWM1YS91cy1jZW50cmFsMS9ncmFiRGF0YS9DaGk0WEdsdllUYw {"name":"operations/ZnVsbHN0YWNrLWRldi1mOWM1YS91cy1jZW50cmFsMS9ncmFiRGF0YS9DaGk0WEdsdllUYw","metadata":{"@type":"type.googleapis.com/google.cloud.functions.v1.OperationMetadataV1","target":"projects/fullstack-dev-f9c5a/locations/us-central1/functions/grabData","type":"UPDATE_FUNCTION","request":{"@type":"type.googleapis.com/google.cloud.functions.v1.CloudFunction","name":"projects/fullstack-dev-f9c5a/locations/us-central1/functions/grabData","httpsTrigger":{},"status":"ACTIVE","entryPoint":"grabData","timeout":"60s","availableMemoryMb":256,"serviceAccountEmail":"fullstack-dev-f9c5a@appspot.gserviceaccount.com","updateTime":"2021-09-13T22:07:41.427Z","versionId":"1","labels":{"deployment-callable":"true","deployment-tool":"cli-firebase"},"sourceUploadUrl":"https://storage.googleapis.com/gcf-upload-us-central1-a7749f08-8a7d-42f0-878a-97c24c574931/354f3e54-42c6-49aa-a229-8e93f7773019.zip?GoogleAccessId=service-904970299316@gcf-admin-robot.iam.gserviceaccount.com&Expires=1631573583&Signature=If2cCrKveClkLzgJs7rSuT2aP6XYHgaPuH0C8CuqstrwXdn2KtvV3mPoz%2F9lE2C8pLvFo353dng7wDiu%2Fbq%2Fg%2FdZkkkmGWKwgKSJs%2FCKhcHjsrO1gwpyVQxla85k1qTJAGZ7PXvAIV1xkryX6tjb7pLiYZ278WnuzjjoutYqN0nkap6BjFqWsBTtV52nHoLXzaXcLGWLYzJHEF9o1BPIxVps6pUmFeTogWKXAMwiFa5syVKd5j5wPtcgcLnaMG5%2F9gerGmXlqcWHiq%2FMZ%2B1ruMJtNSsFHFP8SXYcO9vhsUyNa1%2BEwfWKNbln8NhsSI%2F9F3qxOODJRwF8Cvc7h1fdMQ%3D%3D","environmentVariables":{"FIREBASE_CONFIG":"{\"projectId\":\"fullstack-dev-f9c5a\",\"storageBucket\":\"fullstack-dev-f9c5a.appspot.com\",\"locationId\":\"us-west2\"}","GCLOUD_PROJECT":"fullstack-dev-f9c5a"},"runtime":"nodejs14","ingressSettings":"ALLOW_ALL","buildId":"297092c6-8c7d-433b-bc39-0800200f6996","buildName":"projects/904970299316/locations/us-central1/builds/297092c6-8c7d-433b-bc39-0800200f6996"},"versionId":"2","updateTime":"2021-09-13T22:23:05Z","buildId":"bc48b630-9e20-433c-b8ab-bef4525d1140","buildName":"projects/904970299316/locations/us-central1/builds/bc48b630-9e20-433c-b8ab-bef4525d1140"}}
[debug] [2021-09-13T22:23:22.842Z] [update-projects/fullstack-dev-f9c5a/locations/us-central1/functions/grabData] Retrying task index 0
[debug] [2021-09-13T22:23:22.844Z] >>> [apiv2][query] GET https://cloudfunctions.googleapis.com/v1/operations/ZnVsbHN0YWNrLWRldi1mOWM1YS91cy1jZW50cmFsMS9ncmFiRGF0YS9DaGk0WEdsdllUYw [none]
[debug] [2021-09-13T22:23:23.027Z] <<< [apiv2][status] GET https://cloudfunctions.googleapis.com/v1/operations/ZnVsbHN0YWNrLWRldi1mOWM1YS91cy1jZW50cmFsMS9ncmFiRGF0YS9DaGk0WEdsdllUYw 200
[debug] [2021-09-13T22:23:23.028Z] <<< [apiv2][body] GET https://cloudfunctions.googleapis.com/v1/operations/ZnVsbHN0YWNrLWRldi1mOWM1YS91cy1jZW50cmFsMS9ncmFiRGF0YS9DaGk0WEdsdllUYw {"name":"operations/ZnVsbHN0YWNrLWRldi1mOWM1YS91cy1jZW50cmFsMS9ncmFiRGF0YS9DaGk0WEdsdllUYw","metadata":{"@type":"type.googleapis.com/google.cloud.functions.v1.OperationMetadataV1","target":"projects/fullstack-dev-f9c5a/locations/us-central1/functions/grabData","type":"UPDATE_FUNCTION","request":{"@type":"type.googleapis.com/google.cloud.functions.v1.CloudFunction","name":"projects/fullstack-dev-f9c5a/locations/us-central1/functions/grabData","httpsTrigger":{},"status":"ACTIVE","entryPoint":"grabData","timeout":"60s","availableMemoryMb":256,"serviceAccountEmail":"fullstack-dev-f9c5a@appspot.gserviceaccount.com","updateTime":"2021-09-13T22:07:41.427Z","versionId":"1","labels":{"deployment-callable":"true","deployment-tool":"cli-firebase"},"sourceUploadUrl":"https://storage.googleapis.com/gcf-upload-us-central1-a7749f08-8a7d-42f0-878a-97c24c574931/354f3e54-42c6-49aa-a229-8e93f7773019.zip?GoogleAccessId=service-904970299316@gcf-admin-robot.iam.gserviceaccount.com&Expires=1631573583&Signature=If2cCrKveClkLzgJs7rSuT2aP6XYHgaPuH0C8CuqstrwXdn2KtvV3mPoz%2F9lE2C8pLvFo353dng7wDiu%2Fbq%2Fg%2FdZkkkmGWKwgKSJs%2FCKhcHjsrO1gwpyVQxla85k1qTJAGZ7PXvAIV1xkryX6tjb7pLiYZ278WnuzjjoutYqN0nkap6BjFqWsBTtV52nHoLXzaXcLGWLYzJHEF9o1BPIxVps6pUmFeTogWKXAMwiFa5syVKd5j5wPtcgcLnaMG5%2F9gerGmXlqcWHiq%2FMZ%2B1ruMJtNSsFHFP8SXYcO9vhsUyNa1%2BEwfWKNbln8NhsSI%2F9F3qxOODJRwF8Cvc7h1fdMQ%3D%3D","environmentVariables":{"FIREBASE_CONFIG":"{\"projectId\":\"fullstack-dev-f9c5a\",\"storageBucket\":\"fullstack-dev-f9c5a.appspot.com\",\"locationId\":\"us-west2\"}","GCLOUD_PROJECT":"fullstack-dev-f9c5a"},"runtime":"nodejs14","ingressSettings":"ALLOW_ALL","buildId":"297092c6-8c7d-433b-bc39-0800200f6996","buildName":"projects/904970299316/locations/us-central1/builds/297092c6-8c7d-433b-bc39-0800200f6996"},"versionId":"2","updateTime":"2021-09-13T22:23:05Z","buildId":"bc48b630-9e20-433c-b8ab-bef4525d1140","buildName":"projects/904970299316/locations/us-central1/builds/bc48b630-9e20-433c-b8ab-bef4525d1140"}}
[debug] [2021-09-13T22:23:39.032Z] [update-projects/fullstack-dev-f9c5a/locations/us-central1/functions/grabData] Retrying task index 0
[debug] [2021-09-13T22:23:39.033Z] >>> [apiv2][query] GET https://cloudfunctions.googleapis.com/v1/operations/ZnVsbHN0YWNrLWRldi1mOWM1YS91cy1jZW50cmFsMS9ncmFiRGF0YS9DaGk0WEdsdllUYw [none]
[debug] [2021-09-13T22:23:39.254Z] <<< [apiv2][status] GET https://cloudfunctions.googleapis.com/v1/operations/ZnVsbHN0YWNrLWRldi1mOWM1YS91cy1jZW50cmFsMS9ncmFiRGF0YS9DaGk0WEdsdllUYw 200
[debug] [2021-09-13T22:23:39.254Z] <<< [apiv2][body] GET https://cloudfunctions.googleapis.com/v1/operations/ZnVsbHN0YWNrLWRldi1mOWM1YS91cy1jZW50cmFsMS9ncmFiRGF0YS9DaGk0WEdsdllUYw {"name":"operations/ZnVsbHN0YWNrLWRldi1mOWM1YS91cy1jZW50cmFsMS9ncmFiRGF0YS9DaGk0WEdsdllUYw","metadata":{"@type":"type.googleapis.com/google.cloud.functions.v1.OperationMetadataV1","target":"projects/fullstack-dev-f9c5a/locations/us-central1/functions/grabData","type":"UPDATE_FUNCTION","request":{"@type":"type.googleapis.com/google.cloud.functions.v1.CloudFunction","name":"projects/fullstack-dev-f9c5a/locations/us-central1/functions/grabData","httpsTrigger":{},"status":"ACTIVE","entryPoint":"grabData","timeout":"60s","availableMemoryMb":256,"serviceAccountEmail":"fullstack-dev-f9c5a@appspot.gserviceaccount.com","updateTime":"2021-09-13T22:07:41.427Z","versionId":"1","labels":{"deployment-callable":"true","deployment-tool":"cli-firebase"},"sourceUploadUrl":"https://storage.googleapis.com/gcf-upload-us-central1-a7749f08-8a7d-42f0-878a-97c24c574931/354f3e54-42c6-49aa-a229-8e93f7773019.zip?GoogleAccessId=service-904970299316@gcf-admin-robot.iam.gserviceaccount.com&Expires=1631573583&Signature=If2cCrKveClkLzgJs7rSuT2aP6XYHgaPuH0C8CuqstrwXdn2KtvV3mPoz%2F9lE2C8pLvFo353dng7wDiu%2Fbq%2Fg%2FdZkkkmGWKwgKSJs%2FCKhcHjsrO1gwpyVQxla85k1qTJAGZ7PXvAIV1xkryX6tjb7pLiYZ278WnuzjjoutYqN0nkap6BjFqWsBTtV52nHoLXzaXcLGWLYzJHEF9o1BPIxVps6pUmFeTogWKXAMwiFa5syVKd5j5wPtcgcLnaMG5%2F9gerGmXlqcWHiq%2FMZ%2B1ruMJtNSsFHFP8SXYcO9vhsUyNa1%2BEwfWKNbln8NhsSI%2F9F3qxOODJRwF8Cvc7h1fdMQ%3D%3D","environmentVariables":{"FIREBASE_CONFIG":"{\"projectId\":\"fullstack-dev-f9c5a\",\"storageBucket\":\"fullstack-dev-f9c5a.appspot.com\",\"locationId\":\"us-west2\"}","GCLOUD_PROJECT":"fullstack-dev-f9c5a"},"runtime":"nodejs14","ingressSettings":"ALLOW_ALL","buildId":"297092c6-8c7d-433b-bc39-0800200f6996","buildName":"projects/904970299316/locations/us-central1/builds/297092c6-8c7d-433b-bc39-0800200f6996"},"versionId":"2","updateTime":"2021-09-13T22:23:05Z","buildId":"bc48b630-9e20-433c-b8ab-bef4525d1140","buildName":"projects/904970299316/locations/us-central1/builds/bc48b630-9e20-433c-b8ab-bef4525d1140"}}
[debug] [2021-09-13T22:24:11.259Z] [update-projects/fullstack-dev-f9c5a/locations/us-central1/functions/grabData] Retrying task index 0
[debug] [2021-09-13T22:24:11.261Z] >>> [apiv2][query] GET https://cloudfunctions.googleapis.com/v1/operations/ZnVsbHN0YWNrLWRldi1mOWM1YS91cy1jZW50cmFsMS9ncmFiRGF0YS9DaGk0WEdsdllUYw [none]
[debug] [2021-09-13T22:24:11.539Z] <<< [apiv2][status] GET https://cloudfunctions.googleapis.com/v1/operations/ZnVsbHN0YWNrLWRldi1mOWM1YS91cy1jZW50cmFsMS9ncmFiRGF0YS9DaGk0WEdsdllUYw 200
[debug] [2021-09-13T22:24:11.539Z] <<< [apiv2][body] GET https://cloudfunctions.googleapis.com/v1/operations/ZnVsbHN0YWNrLWRldi1mOWM1YS91cy1jZW50cmFsMS9ncmFiRGF0YS9DaGk0WEdsdllUYw {"name":"operations/ZnVsbHN0YWNrLWRldi1mOWM1YS91cy1jZW50cmFsMS9ncmFiRGF0YS9DaGk0WEdsdllUYw","metadata":{"@type":"type.googleapis.com/google.cloud.functions.v1.OperationMetadataV1","target":"projects/fullstack-dev-f9c5a/locations/us-central1/functions/grabData","type":"UPDATE_FUNCTION","request":{"@type":"type.googleapis.com/google.cloud.functions.v1.CloudFunction","name":"projects/fullstack-dev-f9c5a/locations/us-central1/functions/grabData","httpsTrigger":{},"status":"ACTIVE","entryPoint":"grabData","timeout":"60s","availableMemoryMb":256,"serviceAccountEmail":"fullstack-dev-f9c5a@appspot.gserviceaccount.com","updateTime":"2021-09-13T22:07:41.427Z","versionId":"1","labels":{"deployment-callable":"true","deployment-tool":"cli-firebase"},"sourceUploadUrl":"https://storage.googleapis.com/gcf-upload-us-central1-a7749f08-8a7d-42f0-878a-97c24c574931/354f3e54-42c6-49aa-a229-8e93f7773019.zip?GoogleAccessId=service-904970299316@gcf-admin-robot.iam.gserviceaccount.com&Expires=1631573583&Signature=If2cCrKveClkLzgJs7rSuT2aP6XYHgaPuH0C8CuqstrwXdn2KtvV3mPoz%2F9lE2C8pLvFo353dng7wDiu%2Fbq%2Fg%2FdZkkkmGWKwgKSJs%2FCKhcHjsrO1gwpyVQxla85k1qTJAGZ7PXvAIV1xkryX6tjb7pLiYZ278WnuzjjoutYqN0nkap6BjFqWsBTtV52nHoLXzaXcLGWLYzJHEF9o1BPIxVps6pUmFeTogWKXAMwiFa5syVKd5j5wPtcgcLnaMG5%2F9gerGmXlqcWHiq%2FMZ%2B1ruMJtNSsFHFP8SXYcO9vhsUyNa1%2BEwfWKNbln8NhsSI%2F9F3qxOODJRwF8Cvc7h1fdMQ%3D%3D","environmentVariables":{"FIREBASE_CONFIG":"{\"projectId\":\"fullstack-dev-f9c5a\",\"storageBucket\":\"fullstack-dev-f9c5a.appspot.com\",\"locationId\":\"us-west2\"}","GCLOUD_PROJECT":"fullstack-dev-f9c5a"},"runtime":"nodejs14","ingressSettings":"ALLOW_ALL","buildId":"297092c6-8c7d-433b-bc39-0800200f6996","buildName":"projects/904970299316/locations/us-central1/builds/297092c6-8c7d-433b-bc39-0800200f6996"},"versionId":"2","updateTime":"2021-09-13T22:23:05Z","buildId":"bc48b630-9e20-433c-b8ab-bef4525d1140","sourceToken":"2d5fb86a-f709-4dcf-acca-e030d636f129","buildName":"projects/904970299316/locations/us-central1/builds/bc48b630-9e20-433c-b8ab-bef4525d1140"}}
[debug] [2021-09-13T22:24:11.540Z] Got sourceToken 2d5fb86a-f709-4dcf-acca-e030d636f129 for region us-central1
